#
# A fatal error has been detected by the Java Runtime Environment:
#
#  SIGSEGV (0xb) at pc=0x00001234401ece54, pid=705, tid=47623
#
# JRE version: Java(TM) SE Runtime Environment (7.0_45-b18) (build 1.7.0_45-b18)
# Java VM: Java HotSpot(TM) 64-Bit Server VM (24.45-b08 mixed mode bsd-amd64 compressed oops)
# Problematic frame:
# C  [GeForceGLDriver+0x1ece54]
[error occurred during error reporting (printing problematic frame), id 0xe0000000]

# Failed to write core dump. Core dumps have been disabled. To enable core dumping, try "ulimit -c unlimited" before starting Java again
#
# If you would like to submit a bug report, please visit:
#   http://bugreport.sun.com/bugreport/crash.jsp
# The crash happened outside the Java Virtual Machine in native code.
# See problematic frame for where to report the bug.
#

---------------  T H R E A D  ---------------

Current thread (0x00007ff9f5935000):  JavaThread "Java2D Queue Flusher" daemon [_thread_in_native, id=47623, stack(0x0000000121c95000,0x0000000121d95000)]

siginfo:si_signo=SIGSEGV: si_errno=0, si_code=1 (SEGV_MAPERR), si_addr=0x0000000000000000

Registers:
RAX=0x0000000000000000, RBX=0x0000000123689744, RCX=0x0000000000000000, RDX=0x0000000123689744
RSP=0x0000000121d943b0, RBP=0x0000000121d94410, RSI=0x00007ff9f48f6648, RDI=0x0000000123667000
R8 =0x0000000000000001, R9 =0x0000000000000000, R10=0x0000000000000001, R11=0x0000000123667000
R12=0x0000000000000000, R13=0x000000010d5c1070, R14=0x0000000123667000, R15=0x00007ff9f48f6648
RIP=0x00001234401ece54, EFLAGS=0x0000000000010202, ERR=0x0000000000000004
  TRAPNO=0x000000000000000e

Top of Stack: (sp=0x0000000121d943b0)
0x0000000121d943b0:   00007ff9f48f6648 0000000000000080
0x0000000121d943c0:   0000000000001000 0000000123689588
0x0000000121d943d0:   0000000000000001 000000000000007f
0x0000000121d943e0:   310035c3a23f3a63 0000000000000000
0x0000000121d943f0:   0000000000000000 0000000123667000
0x0000000121d94400:   0000000000000000 00007ff9f58b5110
0x0000000121d94410:   0000000121d94540 00001234402f1225
0x0000000121d94420:   0000000000000000 0000000123689744
0x0000000121d94430:   00007ff9f48f6648 0000000000000080
0x0000000121d94440:   0000000000001000 0000000123689588
0x0000000121d94450:   0000000000000001 000000000000007f
0x0000000121d94460:   08000000f3c51ce0 0000000123688c28
0x0000000121d94470:   0000000000000001 ffffffffffffff80
0x0000000121d94480:   00007ff9f58b5000 00007ff900000000
0x0000000121d94490:   0000000000000000 0000000000000000
0x0000000121d944a0:   0000000000000000 0000000000000000
0x0000000121d944b0:   0000000000000000 0000000000000000
0x0000000121d944c0:   0000000000000000 0000000000000000
0x0000000121d944d0:   00007ff9f48f8640 00000001234d8000
0x0000000121d944e0:   00000001234d9990 0000000000000010
0x0000000121d944f0:   00000001235057d8 00007ff9f49fa201
0x0000000121d94500:   0000000121d94550 0000123440635327
0x0000000121d94510:   310035c3a23f3a63 00000001234d8000
0x0000000121d94520:   0000000121d95000 0000000000000000
0x0000000121d94530:   0000000123667000 0000000123689744
0x0000000121d94540:   0000000121d94570 00001234401df6c9
0x0000000121d94550:   00001234401df698 00000001234d8000
0x0000000121d94560:   00007ff9f51e1c00 00007ff9f49fa200
0x0000000121d94570:   0000000121d945b0 000012344031b407
0x0000000121d94580:   0000000123667000 00000001234d8000
0x0000000121d94590:   00007ff9f700af7c 00007ff9f620a2c8
0x0000000121d945a0:   0000000044040000 00007ff9f49fa200 

Instructions: (pc=0x00001234401ece54)
0x00001234401ece34:   1c 1c 02 00 00 0f 84 fb 00 00 00 41 8b 86 10 1c
0x00001234401ece44:   02 00 49 8b 8e 68 27 02 00 48 8b 89 e0 0b 00 00
0x00001234401ece54:   3b 01 0f 85 de 00 00 00 41 80 bf 3d 0e 00 00 00
0x00001234401ece64:   0f 85 d0 00 00 00 48 89 5d a8 4c 8d 65 b0 bb 3e 

Register to memory mapping:

RAX=0x0000000000000000 is an unknown value
RBX=0x0000000123689744 is an unknown value
RCX=0x0000000000000000 is an unknown value
RDX=0x0000000123689744 is an unknown value
RSP=0x0000000121d943b0 is pointing into the stack for thread: 0x00007ff9f5935000
RBP=0x0000000121d94410 is pointing into the stack for thread: 0x00007ff9f5935000
RSI=0x00007ff9f48f6648 is an unknown value
RDI=0x0000000123667000 is an unknown value
R8 =0x0000000000000001 is an unknown value
R9 =0x0000000000000000 is an unknown value
R10=0x0000000000000001 is an unknown value
R11=0x0000000123667000 is an unknown value
R12=0x0000000000000000 is an unknown value
R13=0x000000010d5c1070: __stack_chk_guard+0 in /usr/lib/system/libsystem_c.dylib at 0x000000010d531000
R14=0x0000000123667000 is an unknown value
R15=0x00007ff9f48f6648 is an unknown value


Stack: [0x0000000121c95000,0x0000000121d95000],  sp=0x0000000121d943b0,  free space=1020k
Native frames: (J=compiled Java code, j=interpreted, Vv=VM code, C=native code)
C  [GeForceGLDriver+0x1ece54]
[error occurred during error reporting (printing native stack), id 0xe0000000]

Java frames: (J=compiled Java code, j=interpreted, Vv=VM code)
j  sun.java2d.opengl.OGLRenderQueue.flushBuffer(JI)V+0
j  sun.java2d.opengl.OGLRenderQueue.flushBuffer()V+21
j  sun.java2d.opengl.OGLRenderQueue.access$100(Lsun/java2d/opengl/OGLRenderQueue;)V+1
j  sun.java2d.opengl.OGLRenderQueue$QueueFlusher.run()V+81
v  ~StubRoutines::call_stub

---------------  P R O C E S S  ---------------

Java Threads: ( => current thread )
  0x00007ff9f5228000 JavaThread "TimerQueue" daemon [_thread_blocked, id=55379, stack(0x0000000126144000,0x0000000126244000)]
  0x00007ff9f5803800 JavaThread "DestroyJavaVM" [_thread_blocked, id=5379, stack(0x0000000112254000,0x0000000112354000)]
  0x00007ff9f5184800 JavaThread "AWT-EventQueue-0" [_thread_blocked, id=49671, stack(0x0000000123cb4000,0x0000000123db4000)]
  0x00007ff9f48eb800 JavaThread "Java2D Disposer" daemon [_thread_blocked, id=48907, stack(0x0000000123b44000,0x0000000123c44000)]
=>0x00007ff9f5935000 JavaThread "Java2D Queue Flusher" daemon [_thread_in_native, id=47623, stack(0x0000000121c95000,0x0000000121d95000)]
  0x00007ff9f50d2000 JavaThread "AWT-Shutdown" [_thread_blocked, id=26659, stack(0x000000011e8f0000,0x000000011e9f0000)]
  0x00007ff9f5882000 JavaThread "AppKit Thread" daemon [_thread_in_native, id=1299, stack(0x00007fff57a4b000,0x00007fff57acb000)]
  0x00007ff9f4009000 JavaThread "Service Thread" daemon [_thread_blocked, id=17923, stack(0x000000011d719000,0x000000011d819000)]
  0x00007ff9f580f800 JavaThread "C2 CompilerThread1" daemon [_thread_blocked, id=17411, stack(0x000000011d616000,0x000000011d716000)]
  0x00007ff9f5017000 JavaThread "C2 CompilerThread0" daemon [_thread_blocked, id=16899, stack(0x000000011d513000,0x000000011d613000)]
  0x00007ff9f5801000 JavaThread "Signal Dispatcher" daemon [_thread_blocked, id=13327, stack(0x000000011d410000,0x000000011d510000)]
  0x00007ff9f485b800 JavaThread "Finalizer" daemon [_thread_blocked, id=11523, stack(0x000000011ba5d000,0x000000011bb5d000)]
  0x00007ff9f4859000 JavaThread "Reference Handler" daemon [_thread_blocked, id=11011, stack(0x000000011b95a000,0x000000011ba5a000)]

Other Threads:
  0x00007ff9f4858000 VMThread [stack: 0x000000011b857000,0x000000011b957000] [id=10499]
  0x00007ff9f580c000 WatcherThread [stack: 0x000000011d81c000,0x000000011d91c000] [id=18435]

VM state:not at safepoint (normal execution)

VM Mutex/Monitor currently owned by a thread: None

Heap
 PSYoungGen      total 38912K, used 21817K [0x00000007d5500000, 0x00000007d8000000, 0x0000000800000000)
  eden space 33792K, 64% used [0x00000007d5500000,0x00000007d6a4e7e0,0x00000007d7600000)
  from space 5120K, 0% used [0x00000007d7b00000,0x00000007d7b00000,0x00000007d8000000)
  to   space 5120K, 0% used [0x00000007d7600000,0x00000007d7600000,0x00000007d7b00000)
 ParOldGen       total 87040K, used 0K [0x0000000780000000, 0x0000000785500000, 0x00000007d5500000)
  object space 87040K, 0% used [0x0000000780000000,0x0000000780000000,0x0000000785500000)
 PSPermGen       total 21504K, used 14436K [0x000000077ae00000, 0x000000077c300000, 0x0000000780000000)
  object space 21504K, 67% used [0x000000077ae00000,0x000000077bc193e0,0x000000077c300000)

Card table byte_map: [0x0000000115457000,0x0000000115881000] byte_map_base: 0x0000000111880000

Polling page: 0x0000000108156000

Code Cache  [0x0000000112397000, 0x0000000112607000, 0x0000000115397000)
 total_blobs=579 nmethods=93 adapters=440 free_code_cache=48481Kb largest_free_block=49620864

Compilation events (10 events):
Event: 57.397 Thread 0x00007ff9f5017000   89             sun.java2d.pipe.RenderBuffer::remaining (11 bytes)
Event: 57.398 Thread 0x00007ff9f5017000 nmethod 89 0x000000011243f710 code [0x000000011243f840, 0x000000011243f8b8]
Event: 59.865 Thread 0x00007ff9f580f800   90             sun.java2d.pipe.Region::dimAdd (20 bytes)
Event: 59.866 Thread 0x00007ff9f580f800 nmethod 90 0x000000011243b510 code [0x000000011243b640, 0x000000011243b698]
Event: 59.866 Thread 0x00007ff9f5017000   91             java.util.Arrays::fill (21 bytes)
Event: 59.868 Thread 0x00007ff9f5017000 nmethod 91 0x000000011243b150 code [0x000000011243b2a0, 0x000000011243b438]
Event: 59.968 Thread 0x00007ff9f580f800   92             sun.java2d.SunGraphics2D::invalidatePipe (41 bytes)
Event: 59.969 Thread 0x00007ff9f580f800 nmethod 92 0x0000000112441710 code [0x0000000112441840, 0x00000001124418d8]
Event: 60.666 Thread 0x00007ff9f5017000   93             sun.java2d.pipe.RenderQueue::ensureCapacity (16 bytes)
Event: 60.667 Thread 0x00007ff9f5017000 nmethod 93 0x0000000112441450 code [0x00000001124415a0, 0x0000000112441648]

GC Heap History (0 events):
No events

Deoptimization events (10 events):
Event: 3.054 Thread 0x00007ff9f5184800 Uncommon trap: reason=class_check action=maybe_recompile pc=0x0000000112412a0c method=java.lang.String.equals(Ljava/lang/Object;)Z @ 8
Event: 3.982 Thread 0x00007ff9f5184800 Uncommon trap: reason=class_check action=maybe_recompile pc=0x0000000112412a0c method=java.lang.String.equals(Ljava/lang/Object;)Z @ 8
Event: 3.982 Thread 0x00007ff9f5184800 Uncommon trap: reason=class_check action=maybe_recompile pc=0x0000000112412a0c method=java.lang.String.equals(Ljava/lang/Object;)Z @ 8
Event: 3.984 Thread 0x00007ff9f5184800 Uncommon trap: reason=class_check action=maybe_recompile pc=0x0000000112412a0c method=java.lang.String.equals(Ljava/lang/Object;)Z @ 8
Event: 7.886 Thread 0x00007ff9f5184800 Uncommon trap: reason=unloaded action=reinterpret pc=0x0000000112423140 method=java.lang.CharacterData.of(I)Ljava/lang/CharacterData; @ 96
Event: 51.573 Thread 0x00007ff9f5935000 Uncommon trap: reason=predicate action=maybe_recompile pc=0x000000011243c2c0 method=java.util.Arrays.fill([Ljava/lang/Object;Ljava/lang/Object;)V @ 10
Event: 59.916 Thread 0x00007ff9f5935000 Uncommon trap: reason=array_check action=maybe_recompile pc=0x000000011243b3f8 method=java.util.Arrays.fill([Ljava/lang/Object;Ljava/lang/Object;)V @ 13
Event: 59.917 Thread 0x00007ff9f5935000 Uncommon trap: reason=array_check action=maybe_recompile pc=0x000000011243b3f8 method=java.util.Arrays.fill([Ljava/lang/Object;Ljava/lang/Object;)V @ 13
Event: 59.968 Thread 0x00007ff9f5935000 Uncommon trap: reason=array_check action=maybe_recompile pc=0x000000011243b3f8 method=java.util.Arrays.fill([Ljava/lang/Object;Ljava/lang/Object;)V @ 13
Event: 59.968 Thread 0x00007ff9f5935000 Uncommon trap: reason=array_check action=maybe_recompile pc=0x000000011243b3f8 method=java.util.Arrays.fill([Ljava/lang/Object;Ljava/lang/Object;)V @ 13

Internal exceptions (10 events):
Event: 7.836 Thread 0x00007ff9f5184800 Threw 0x00000007d5ff26f8 at /HUDSON/workspace/7u-2-build-macosx-x86_64/jdk7u45/229/hotspot/src/share/vm/prims/jvm.cpp:1244
Event: 7.836 Thread 0x00007ff9f5184800 Threw 0x00000007d5ffb090 at /HUDSON/workspace/7u-2-build-macosx-x86_64/jdk7u45/229/hotspot/src/share/vm/prims/jvm.cpp:1244
Event: 7.839 Thread 0x00007ff9f5184800 Threw 0x00000007d6007540 at /HUDSON/workspace/7u-2-build-macosx-x86_64/jdk7u45/229/hotspot/src/share/vm/prims/jvm.cpp:1244
Event: 7.841 Thread 0x00007ff9f5184800 Threw 0x00000007d6010c90 at /HUDSON/workspace/7u-2-build-macosx-x86_64/jdk7u45/229/hotspot/src/share/vm/prims/jvm.cpp:1244
Event: 7.842 Thread 0x00007ff9f5184800 Threw 0x00000007d6017e68 at /HUDSON/workspace/7u-2-build-macosx-x86_64/jdk7u45/229/hotspot/src/share/vm/prims/jvm.cpp:1244
Event: 7.853 Thread 0x00007ff9f5184800 Threw 0x00000007d603cee0 at /HUDSON/workspace/7u-2-build-macosx-x86_64/jdk7u45/229/hotspot/src/share/vm/prims/jvm.cpp:1244
Event: 7.869 Thread 0x00007ff9f5184800 Threw 0x00000007d606e7a0 at /HUDSON/workspace/7u-2-build-macosx-x86_64/jdk7u45/229/hotspot/src/share/vm/prims/jvm.cpp:1244
Event: 15.846 Thread 0x00007ff9f5184800 Threw 0x00000007d62c29a8 at /HUDSON/workspace/7u-2-build-macosx-x86_64/jdk7u45/229/hotspot/src/share/vm/prims/jvm.cpp:1244
Event: 15.849 Thread 0x00007ff9f5184800 Threw 0x00000007d62c75a0 at /HUDSON/workspace/7u-2-build-macosx-x86_64/jdk7u45/229/hotspot/src/share/vm/prims/jvm.cpp:1244
Event: 15.851 Thread 0x00007ff9f5184800 Threw 0x00000007d62cf618 at /HUDSON/workspace/7u-2-build-macosx-x86_64/jdk7u45/229/hotspot/src/share/vm/prims/jvm.cpp:1244

Events (10 events):
Event: 59.916 Thread 0x00007ff9f5935000 DEOPT UNPACKING pc=0x00000001123d0045 sp=0x0000000121d947a8 mode 2
Event: 59.917 Thread 0x00007ff9f5935000 Uncommon trap: trap_request=0xffffffd6 fr.pc=0x000000011243b3f8
Event: 59.917 Thread 0x00007ff9f5935000 DEOPT PACKING pc=0x000000011243b3f8 sp=0x0000000121d947e0
Event: 59.917 Thread 0x00007ff9f5935000 DEOPT UNPACKING pc=0x00000001123d0045 sp=0x0000000121d947a8 mode 2
Event: 59.968 Thread 0x00007ff9f5935000 Uncommon trap: trap_request=0xffffffd6 fr.pc=0x000000011243b3f8
Event: 59.968 Thread 0x00007ff9f5935000 DEOPT PACKING pc=0x000000011243b3f8 sp=0x0000000121d947e0
Event: 59.968 Thread 0x00007ff9f5935000 DEOPT UNPACKING pc=0x00000001123d0045 sp=0x0000000121d947a8 mode 2
Event: 59.968 Thread 0x00007ff9f5935000 Uncommon trap: trap_request=0xffffffd6 fr.pc=0x000000011243b3f8
Event: 59.968 Thread 0x00007ff9f5935000 DEOPT PACKING pc=0x000000011243b3f8 sp=0x0000000121d947e0
Event: 59.968 Thread 0x00007ff9f5935000 DEOPT UNPACKING pc=0x00000001123d0045 sp=0x0000000121d947a8 mode 2


Dynamic libraries:
0x000000010814e000 	/System/Library/Frameworks/Cocoa.framework/Versions/A/Cocoa
0x0000000108157000 	/System/Library/Frameworks/Security.framework/Versions/A/Security
0x00000001084ff000 	/System/Library/Frameworks/ApplicationServices.framework/Versions/A/ApplicationServices
0x0000000108503000 	/usr/lib/libz.1.dylib
0x0000000108520000 	/usr/lib/libSystem.B.dylib
0x000000010852d000 	/usr/lib/libobjc.A.dylib
0x0000000108740000 	/System/Library/Frameworks/CoreFoundation.framework/Versions/A/CoreFoundation
0x0000000108c60000 	/System/Library/Frameworks/Foundation.framework/Versions/C/Foundation
0x00000001091d9000 	/System/Library/Frameworks/AppKit.framework/Versions/C/AppKit
0x000000010a4f9000 	/System/Library/Frameworks/CoreData.framework/Versions/A/CoreData
0x0000000000a5e000 	/System/Library/PrivateFrameworks/RemoteViewServices.framework/Versions/A/RemoteViewServices
0x000000010a8a4000 	/System/Library/PrivateFrameworks/UIFoundation.framework/Versions/A/UIFoundation
0x000000010aa24000 	/System/Library/Frameworks/AudioToolbox.framework/Versions/A/AudioToolbox
0x000000010ac34000 	/System/Library/Frameworks/AudioUnit.framework/Versions/A/AudioUnit
0x000000010ac40000 	/System/Library/PrivateFrameworks/DataDetectorsCore.framework/Versions/A/DataDetectorsCore
0x000000010aceb000 	/System/Library/PrivateFrameworks/DesktopServicesPriv.framework/Versions/A/DesktopServicesPriv
0x000000010ae86000 	/System/Library/Frameworks/Carbon.framework/Versions/A/Frameworks/HIToolbox.framework/Versions/A/HIToolbox
0x000000010b2fe000 	/System/Library/Frameworks/QuartzCore.framework/Versions/A/QuartzCore
0x000000010b58b000 	/System/Library/Frameworks/Carbon.framework/Versions/A/Frameworks/SpeechRecognition.framework/Versions/A/SpeechRecognition
0x000000010b5a1000 	/usr/lib/libauto.dylib
0x000000010b602000 	/usr/lib/libicucore.A.dylib
0x000000010b8a6000 	/usr/lib/libxml2.2.dylib
0x000000010b9d6000 	/System/Library/PrivateFrameworks/CoreUI.framework/Versions/A/CoreUI
0x000000010bc00000 	/System/Library/Frameworks/CoreAudio.framework/Versions/A/CoreAudio
0x000000010bc79000 	/System/Library/Frameworks/DiskArbitration.framework/Versions/A/DiskArbitration
0x000000010bc89000 	/usr/lib/liblangid.dylib
0x000000010bc94000 	/System/Library/PrivateFrameworks/MultitouchSupport.framework/Versions/A/MultitouchSupport
0x000000010bcbd000 	/System/Library/Frameworks/IOKit.framework/Versions/A/IOKit
0x000000010bd72000 	/usr/lib/libDiagnosticMessagesClient.dylib
0x000000010bd7f000 	/System/Library/Frameworks/CoreServices.framework/Versions/A/CoreServices
0x000000010bd84000 	/System/Library/PrivateFrameworks/PerformanceAnalysis.framework/Versions/A/PerformanceAnalysis
0x000000010be7e000 	/System/Library/PrivateFrameworks/GenerationalStorage.framework/Versions/A/GenerationalStorage
0x000000010beb7000 	/System/Library/Frameworks/OpenGL.framework/Versions/A/OpenGL
0x000000010bed1000 	/System/Library/PrivateFrameworks/Sharing.framework/Versions/A/Sharing
0x000000010bf2f000 	/System/Library/Frameworks/CoreGraphics.framework/Versions/A/CoreGraphics
0x000000010c8f6000 	/System/Library/Frameworks/CoreText.framework/Versions/A/CoreText
0x000000010caa2000 	/System/Library/Frameworks/ImageIO.framework/Versions/A/ImageIO
0x000000010cc4f000 	/usr/lib/libextension.dylib
0x000000010cc89000 	/System/Library/PrivateFrameworks/Backup.framework/Versions/A/Backup
0x000000010cdfa000 	/usr/lib/libarchive.2.dylib
0x000000010ce31000 	/System/Library/Frameworks/CFNetwork.framework/Versions/A/CFNetwork
0x000000010d198000 	/System/Library/Frameworks/SystemConfiguration.framework/Versions/A/SystemConfiguration
0x000000010d256000 	/usr/lib/libCRFSuite.dylib
0x000000010d282000 	/usr/lib/libc++.1.dylib
0x000000010d336000 	/usr/lib/libc++abi.dylib
0x000000010d374000 	/usr/lib/system/libcache.dylib
0x000000010d37d000 	/usr/lib/system/libcommonCrypto.dylib
0x000000010d39c000 	/usr/lib/system/libcompiler_rt.dylib
0x000000010d3b3000 	/usr/lib/system/libcopyfile.dylib
0x000000010d3c6000 	/usr/lib/system/libcorecrypto.dylib
0x000000010d479000 	/usr/lib/system/libdispatch.dylib
0x000000010d4c4000 	/usr/lib/system/libdyld.dylib
0x000000010d4ce000 	/usr/lib/system/libkeymgr.dylib
0x000000010d4d8000 	/usr/lib/system/liblaunch.dylib
0x000000010d4e3000 	/usr/lib/system/libmacho.dylib
0x000000010d4ef000 	/usr/lib/system/libquarantine.dylib
0x000000010d4f9000 	/usr/lib/system/libremovefile.dylib
0x000000010d502000 	/usr/lib/system/libsystem_asl.dylib
0x000000010d527000 	/usr/lib/system/libsystem_blocks.dylib
0x000000010d531000 	/usr/lib/system/libsystem_c.dylib
0x000000010d5ee000 	/usr/lib/system/libsystem_configuration.dylib
0x000000010d5f7000 	/usr/lib/system/libsystem_coreservices.dylib
0x000000010d5ff000 	/usr/lib/system/libsystem_coretls.dylib
0x000000010d626000 	/usr/lib/system/libsystem_dnssd.dylib
0x000000010d63a000 	/usr/lib/system/libsystem_info.dylib
0x000000010d67f000 	/usr/lib/system/libsystem_kernel.dylib
0x000000010d6b2000 	/usr/lib/system/libsystem_m.dylib
0x000000010d6f5000 	/usr/lib/system/libsystem_malloc.dylib
0x000000010d721000 	/usr/lib/system/libsystem_network.dylib
0x000000010d784000 	/usr/lib/system/libsystem_networkextension.dylib
0x000000010d799000 	/usr/lib/system/libsystem_notify.dylib
0x000000010d7ae000 	/usr/lib/system/libsystem_platform.dylib
0x000000010d7c3000 	/usr/lib/system/libsystem_pthread.dylib
0x000000010d7dd000 	/usr/lib/system/libsystem_sandbox.dylib
0x000000010d7e5000 	/usr/lib/system/libsystem_secinit.dylib
0x000000010d7f3000 	/usr/lib/system/libsystem_stats.dylib
0x000000010d7ff000 	/usr/lib/system/libsystem_trace.dylib
0x000000010d814000 	/usr/lib/system/libunc.dylib
0x000000010d821000 	/usr/lib/system/libunwind.dylib
0x000000010d82e000 	/usr/lib/system/libxpc.dylib
0x000000010d875000 	/usr/lib/libbz2.1.0.dylib
0x000000010d88b000 	/usr/lib/liblzma.5.dylib
0x000000010d8ae000 	/usr/lib/libbsm.0.dylib
0x000000010d8c7000 	/usr/lib/libsqlite3.dylib
0x000000010da10000 	/usr/lib/system/libkxld.dylib
0x000000010da24000 	/usr/lib/libxar.1.dylib
0x000000010da3f000 	/usr/lib/libpam.2.dylib
0x000000010da48000 	/usr/lib/libOpenScriptingUtil.dylib
0x000000010da51000 	/System/Library/Frameworks/CoreServices.framework/Versions/A/Frameworks/FSEvents.framework/Versions/A/FSEvents
0x000000010da60000 	/System/Library/Frameworks/CoreServices.framework/Versions/A/Frameworks/CarbonCore.framework/Versions/A/CarbonCore
0x000000010d5c6000 	/System/Library/Frameworks/CoreServices.framework/Versions/A/Frameworks/Metadata.framework/Versions/A/Metadata
0x000000010ded1000 	/System/Library/Frameworks/CoreServices.framework/Versions/A/Frameworks/OSServices.framework/Versions/A/OSServices
0x000000010dfaa000 	/System/Library/Frameworks/CoreServices.framework/Versions/A/Frameworks/SearchKit.framework/Versions/A/SearchKit
0x000000010e064000 	/System/Library/Frameworks/CoreServices.framework/Versions/A/Frameworks/AE.framework/Versions/A/AE
0x000000010e0f7000 	/System/Library/Frameworks/CoreServices.framework/Versions/A/Frameworks/LaunchServices.framework/Versions/A/LaunchServices
0x000000010e2bf000 	/System/Library/Frameworks/CoreServices.framework/Versions/A/Frameworks/DictionaryServices.framework/Versions/A/DictionaryServices
0x000000010e310000 	/System/Library/Frameworks/NetFS.framework/Versions/A/NetFS
0x000000010e31e000 	/System/Library/PrivateFrameworks/NetAuth.framework/Versions/A/NetAuth
0x000000010e337000 	/System/Library/PrivateFrameworks/login.framework/Versions/A/Frameworks/loginsupport.framework/Versions/A/loginsupport
0x000000010e345000 	/System/Library/PrivateFrameworks/TCC.framework/Versions/A/TCC
0x000000010e352000 	/System/Library/Frameworks/OpenDirectory.framework/Versions/A/Frameworks/CFOpenDirectory.framework/Versions/A/CFOpenDirectory
0x000000010e390000 	/System/Library/Frameworks/ServiceManagement.framework/Versions/A/ServiceManagement
0x000000010e39e000 	/usr/lib/libxslt.1.dylib
0x000000010e3d5000 	/System/Library/Frameworks/Carbon.framework/Versions/A/Frameworks/Ink.framework/Versions/A/Ink
0x000000010e49b000 	/System/Library/Frameworks/ApplicationServices.framework/Versions/A/Frameworks/ATS.framework/Versions/A/ATS
0x000000010e53f000 	/System/Library/Frameworks/ApplicationServices.framework/Versions/A/Frameworks/ColorSync.framework/Versions/A/ColorSync
0x000000010e61b000 	/System/Library/Frameworks/ApplicationServices.framework/Versions/A/Frameworks/HIServices.framework/Versions/A/HIServices
0x000000010e6a0000 	/System/Library/Frameworks/ApplicationServices.framework/Versions/A/Frameworks/LangAnalysis.framework/Versions/A/LangAnalysis
0x00000000145c0000 	/System/Library/Frameworks/ApplicationServices.framework/Versions/A/Frameworks/PrintCore.framework/Versions/A/PrintCore
0x000000010e73b000 	/System/Library/Frameworks/ApplicationServices.framework/Versions/A/Frameworks/QD.framework/Versions/A/QD
0x000000010e797000 	/System/Library/Frameworks/ApplicationServices.framework/Versions/A/Frameworks/SpeechSynthesis.framework/Versions/A/SpeechSynthesis
0x000000010e7b7000 	/System/Library/Frameworks/IOSurface.framework/Versions/A/IOSurface
0x000000010e7c3000 	/System/Library/Frameworks/Accelerate.framework/Versions/A/Accelerate
0x000000010e7cb000 	/System/Library/Frameworks/Accelerate.framework/Versions/A/Frameworks/vImage.framework/Versions/A/vImage
0x000000010ec71000 	/System/Library/Frameworks/Accelerate.framework/Versions/A/Frameworks/vecLib.framework/Versions/A/vecLib
0x000000010ec7b000 	/System/Library/Frameworks/Accelerate.framework/Versions/A/Frameworks/vecLib.framework/Versions/A/libvDSP.dylib
0x000000010eda0000 	/System/Library/Frameworks/Accelerate.framework/Versions/A/Frameworks/vecLib.framework/Versions/A/libvMisc.dylib
0x000000010ee76000 	/System/Library/Frameworks/Accelerate.framework/Versions/A/Frameworks/vecLib.framework/Versions/A/libLAPACK.dylib
0x000000010f2ec000 	/System/Library/Frameworks/Accelerate.framework/Versions/A/Frameworks/vecLib.framework/Versions/A/libBLAS.dylib
0x000000010f4a7000 	/System/Library/Frameworks/Accelerate.framework/Versions/A/Frameworks/vecLib.framework/Versions/A/libLinearAlgebra.dylib
0x000000010f4cb000 	/System/Library/Frameworks/ApplicationServices.framework/Versions/A/Frameworks/ATS.framework/Versions/A/Resources/libFontParser.dylib
0x000000010f63e000 	/System/Library/Frameworks/ApplicationServices.framework/Versions/A/Frameworks/ATS.framework/Versions/A/Resources/libFontRegistry.dylib
0x000000010f6af000 	/System/Library/PrivateFrameworks/AppleVPA.framework/Versions/A/AppleVPA
0x000000010f6d5000 	/System/Library/PrivateFrameworks/AppleJPEG.framework/Versions/A/AppleJPEG
0x000000010f7e7000 	/System/Library/Frameworks/ImageIO.framework/Versions/A/Resources/libJPEG.dylib
0x000000010f814000 	/System/Library/Frameworks/ImageIO.framework/Versions/A/Resources/libTIFF.dylib
0x000000010f880000 	/System/Library/Frameworks/ImageIO.framework/Versions/A/Resources/libPng.dylib
0x000000010f8af000 	/System/Library/Frameworks/ImageIO.framework/Versions/A/Resources/libGIF.dylib
0x000000010f8b9000 	/System/Library/Frameworks/ImageIO.framework/Versions/A/Resources/libJP2.dylib
0x000000010f9d8000 	/System/Library/Frameworks/ImageIO.framework/Versions/A/Resources/libRadiance.dylib
0x000000010f9e4000 	/System/Library/Frameworks/CoreVideo.framework/Versions/A/CoreVideo
0x000000010fa35000 	/System/Library/Frameworks/OpenGL.framework/Versions/A/Libraries/libGLU.dylib
0x000000010fa89000 	/System/Library/Frameworks/OpenGL.framework/Versions/A/Libraries/libGFXShared.dylib
0x000000010fa99000 	/System/Library/Frameworks/OpenGL.framework/Versions/A/Libraries/libGL.dylib
0x000000010faba000 	/System/Library/Frameworks/OpenGL.framework/Versions/A/Libraries/libGLImage.dylib
0x000000010fb02000 	/System/Library/Frameworks/OpenGL.framework/Versions/A/Libraries/libCVMSPluginSupport.dylib
0x000000010fb10000 	/System/Library/Frameworks/OpenGL.framework/Versions/A/Libraries/libCoreVMClient.dylib
0x000000010fb20000 	/usr/lib/libcups.2.dylib
0x000000010fb8a000 	/System/Library/Frameworks/Kerberos.framework/Versions/A/Kerberos
0x000000010fbc2000 	/System/Library/Frameworks/GSS.framework/Versions/A/GSS
0x000000010fc18000 	/usr/lib/libresolv.9.dylib
0x000000010fc44000 	/usr/lib/libiconv.2.dylib
0x000000010fd47000 	/System/Library/PrivateFrameworks/Heimdal.framework/Versions/A/Heimdal
0x000000010fde8000 	/usr/lib/libheimdal-asn1.dylib
0x000000010fdf5000 	/System/Library/Frameworks/OpenDirectory.framework/Versions/A/OpenDirectory
0x000000010fe17000 	/System/Library/PrivateFrameworks/CommonAuth.framework/Versions/A/CommonAuth
0x000000010fe28000 	/System/Library/Frameworks/SecurityFoundation.framework/Versions/A/SecurityFoundation
0x000000010fee0000 	/System/Library/Frameworks/QuartzCore.framework/Versions/A/Frameworks/CoreImage.framework/Versions/A/CoreImage
0x0000000110300000 	/System/Library/PrivateFrameworks/CrashReporterSupport.framework/Versions/A/CrashReporterSupport
0x000000011031b000 	/System/Library/Frameworks/OpenCL.framework/Versions/A/OpenCL
0x0000000110381000 	/System/Library/PrivateFrameworks/FaceCore.framework/Versions/A/FaceCore
0x00000001109d0000 	/System/Library/PrivateFrameworks/Ubiquity.framework/Versions/A/Ubiquity
0x00000001109fe000 	/System/Library/PrivateFrameworks/IconServices.framework/Versions/A/IconServices
0x0000000110a3d000 	/System/Library/PrivateFrameworks/ChunkingLibrary.framework/Versions/A/ChunkingLibrary
0x0000000110a6f000 	/System/Library/PrivateFrameworks/DebugSymbols.framework/Versions/A/DebugSymbols
0x0000000110acc000 	/System/Library/PrivateFrameworks/CommerceKit.framework/Versions/A/Frameworks/CommerceCore.framework/Versions/A/CommerceCore
0x0000000110ae7000 	/System/Library/PrivateFrameworks/CoreSymbolication.framework/Versions/A/CoreSymbolication
0x0000000110b8b000 	/System/Library/PrivateFrameworks/Symbolication.framework/Versions/A/Symbolication
0x0000000110bf3000 	/System/Library/PrivateFrameworks/AppContainer.framework/Versions/A/AppContainer
0x0000000110c20000 	/System/Library/PrivateFrameworks/SecCodeWrapper.framework/Versions/A/SecCodeWrapper
0x0000000110c2a000 	/System/Library/PrivateFrameworks/SpeechRecognitionCore.framework/Versions/A/SpeechRecognitionCore
0x0000000111800000 	/Library/Java/JavaVirtualMachines/jdk1.7.0_45.jdk/Contents/Home/jre/lib/server/libjvm.dylib
0x0000000110f3d000 	/usr/lib/libstdc++.6.dylib
0x0000000110ff3000 	/Library/Java/JavaVirtualMachines/jdk1.7.0_45.jdk/Contents/Home/jre/lib/libverify.dylib
0x0000000112356000 	/Library/Java/JavaVirtualMachines/jdk1.7.0_45.jdk/Contents/Home/jre/lib/libjava.dylib
0x000000011238e000 	/Library/Java/JavaVirtualMachines/jdk1.7.0_45.jdk/Contents/Home/jre/lib/libzip.dylib
0x000000011bb5f000 	/System/Library/Frameworks/JavaVM.framework/Frameworks/JavaRuntimeSupport.framework/JavaRuntimeSupport
0x000000011bb77000 	/System/Library/Frameworks/JavaVM.framework/Versions/A/Frameworks/JavaNativeFoundation.framework/Versions/A/JavaNativeFoundation
0x000000011bb8c000 	/System/Library/Frameworks/JavaVM.framework/Versions/A/JavaVM
0x0000000108527000 	/System/Library/Frameworks/Carbon.framework/Versions/A/Carbon
0x000000011bb99000 	/System/Library/PrivateFrameworks/JavaLaunching.framework/Versions/A/JavaLaunching
0x000000011bba5000 	/System/Library/Frameworks/Carbon.framework/Versions/A/Frameworks/CommonPanels.framework/Versions/A/CommonPanels
0x000000011bbb0000 	/System/Library/Frameworks/Carbon.framework/Versions/A/Frameworks/Help.framework/Versions/A/Help
0x000000011bbb9000 	/System/Library/Frameworks/Carbon.framework/Versions/A/Frameworks/ImageCapture.framework/Versions/A/ImageCapture
0x000000011bbe6000 	/System/Library/Frameworks/Carbon.framework/Versions/A/Frameworks/OpenScripting.framework/Versions/A/OpenScripting
0x00000000a3c39000 	/System/Library/Frameworks/Carbon.framework/Versions/A/Frameworks/Print.framework/Versions/A/Print
0x000000010b59a000 	/System/Library/Frameworks/Carbon.framework/Versions/A/Frameworks/SecurityHI.framework/Versions/A/SecurityHI
0x000000011d960000 	/Library/Java/JavaVirtualMachines/jdk1.7.0_45.jdk/Contents/Home/jre/lib/libnio.dylib
0x000000011d96f000 	/Library/Java/JavaVirtualMachines/jdk1.7.0_45.jdk/Contents/Home/jre/lib/./libnet.dylib
0x000000011dadd000 	/Library/Java/JavaVirtualMachines/jdk1.7.0_45.jdk/Contents/Home/jre/lib/libawt.dylib
0x000000011db8c000 	/Library/Java/JavaVirtualMachines/jdk1.7.0_45.jdk/Contents/Home/jre/lib/./libmlib_image.dylib
0x000000011dc58000 	/Library/Java/JavaVirtualMachines/jdk1.7.0_45.jdk/Contents/Home/jre/lib/lwawt/liblwawt.dylib
0x000000011dd0c000 	/Library/Java/JavaVirtualMachines/jdk1.7.0_45.jdk/Contents/Home/jre/lib/libosxapp.dylib
0x000000010b9cf000 	/System/Library/Frameworks/ExceptionHandling.framework/Versions/A/ExceptionHandling
0x000000011dd6e000 	/System/Library/PrivateFrameworks/CoreServicesInternal.framework/CoreServicesInternal
0x000000011dde7000 	/System/Library/PrivateFrameworks/CloudDocs.framework/CloudDocs
0x000000011de51000 	/System/Library/PrivateFrameworks/CoreDuet.framework/Versions/A/CoreDuet
0x000000011de7a000 	/System/Library/Frameworks/CloudKit.framework/Versions/A/CloudKit
0x000000011e1ac000 	/System/Library/PrivateFrameworks/ProtocolBuffer.framework/Versions/A/ProtocolBuffer
0x000000011e1c7000 	/System/Library/PrivateFrameworks/CoreDuetDaemonProtocol.framework/Versions/A/CoreDuetDaemonProtocol
0x000000010bbf9000 	/System/Library/PrivateFrameworks/CoreDuetDebugLogging.framework/Versions/A/CoreDuetDebugLogging
0x000000011e1e5000 	/System/Library/Frameworks/CoreLocation.framework/Versions/A/CoreLocation
0x000000011e24e000 	/System/Library/Frameworks/Accounts.framework/Versions/A/Accounts
0x000000011e2a5000 	/System/Library/PrivateFrameworks/ApplePushService.framework/Versions/A/ApplePushService
0x000000011e2db000 	/System/Library/PrivateFrameworks/GeoServices.framework/Versions/A/GeoServices
0x000000011df7b000 	/System/Library/PrivateFrameworks/OAuth.framework/Versions/A/OAuth
0x000000011e73d000 	/System/Library/PrivateFrameworks/CoreDaemon.framework/Versions/B/CoreDaemon
0x000000011e784000 	/usr/lib/libcrypto.0.9.8.dylib
0x000000011e8d1000 	/System/Library/PrivateFrameworks/AppleSRP.framework/Versions/A/AppleSRP
0x000000010bc8e000 	/System/Library/PrivateFrameworks/TrustEvaluationAgent.framework/Versions/A/TrustEvaluationAgent
0x000000011e8e0000 	/System/Library/Frameworks/CoreGraphics.framework/Versions/A/Resources/libCGCMS.A.dylib
0x000000011f89f000 	/System/Library/Frameworks/CoreGraphics.framework/Versions/A/Resources/libRIP.A.dylib
0x000000011fb12000 	/System/Library/Frameworks/CoreGraphics.framework/Versions/A/Resources/libCGXType.A.dylib
0x00000001204a3000 	/System/Library/Frameworks/OpenCL.framework/Libraries/libcldcpuengine.dylib
0x00000001204b1000 	/System/Library/PrivateFrameworks/DiskImages.framework/Versions/A/DiskImages
0x00000001205e7000 	/System/Library/Frameworks/DiscRecording.framework/Versions/A/DiscRecording
0x0000000120709000 	/usr/lib/libcsfde.dylib
0x000000012071f000 	/usr/lib/libcurl.4.dylib
0x0000000120776000 	/System/Library/PrivateFrameworks/MediaKit.framework/Versions/A/MediaKit
0x00000001207bb000 	/System/Library/PrivateFrameworks/ProtectedCloudStorage.framework/Versions/A/ProtectedCloudStorage
0x00000001207e2000 	/usr/lib/libCoreStorage.dylib
0x000000012089b000 	/System/Library/PrivateFrameworks/EFILogin.framework/Versions/A/EFILogin
0x00000001208a3000 	/usr/lib/libutil.dylib
0x00000001208ab000 	/System/Library/PrivateFrameworks/FindMyDevice.framework/Versions/A/FindMyDevice
0x00000001208c0000 	/System/Library/Frameworks/LDAP.framework/Versions/A/LDAP
0x0000000120930000 	/usr/lib/libsasl2.2.dylib
0x000000010bcb7000 	cl_kernels
0x000000012094a000 	/System/Library/Frameworks/OpenCL.framework/Libraries/ImageFormats/unorm8_bgra.dylib
0x000000010bcbb000 	cl_kernels
0x0000000121b74000 	/System/Library/PrivateFrameworks/FamilyControls.framework/Versions/A/FamilyControls
0x0000000121bb1000 	/System/Library/PrivateFrameworks/SystemAdministration.framework/Versions/A/SystemAdministration
0x000000011faba000 	/System/Library/Frameworks/DirectoryService.framework/Versions/A/DirectoryService
0x0000000121c06000 	/System/Library/PrivateFrameworks/LoginUIKit.framework/Versions/A/Frameworks/LoginUICore.framework/Versions/A/LoginUICore
0x000000010ca9b000 	/usr/lib/libodfde.dylib
0x0000000121d97000 	/System/Library/Frameworks/OpenGL.framework/Resources/GLEngine.bundle/GLEngine
0x0000000121f82000 	/System/Library/Frameworks/OpenGL.framework/Versions/A/Libraries/libGLProgrammability.dylib
0x0000000000000000 	/System/Library/Extensions/GeForceGLDriver.bundle/Contents/MacOS/GeForceGLDriver
0x00000001223c5000 	/System/Library/Extensions/GeForceGLDriver.bundle/Contents/MacOS/libclh.dylib
0x0000000122e4b000 	/System/Library/PrivateFrameworks/IOAccelerator.framework/Versions/A/IOAccelerator
0x0000000122e57000 	/System/Library/PrivateFrameworks/GPUSupport.framework/Versions/A/Libraries/libGPUSupportMercury.dylib
0x000000012326b000 	/System/Library/Frameworks/OpenGL.framework/Resources//GLRendererFloat.bundle/GLRendererFloat
0x0000000123c46000 	/Library/Java/JavaVirtualMachines/jdk1.7.0_45.jdk/Contents/Home/jre/lib/libfontmanager.dylib
0x0000000123caa000 	/Library/Java/JavaVirtualMachines/jdk1.7.0_45.jdk/Contents/Home/jre/lib/libosxui.dylib
0x0000000126a6a000 	/Library/Java/JavaVirtualMachines/jdk1.7.0_45.jdk/Contents/Home/jre/lib/libdcpr.dylib

VM Arguments:
jvm_args: -Dfile.encoding=US-ASCII 
java_command: main.Main
Launcher Type: SUN_STANDARD

Environment Variables:
PATH=/usr/bin:/bin:/usr/sbin:/sbin
SHELL=/bin/bash

Signal Handlers:
SIGSEGV: [libjvm.dylib+0x525415], sa_mask[0]=0xfffefeff, sa_flags=0x00000043
SIGBUS: [libjvm.dylib+0x525415], sa_mask[0]=0xfffefeff, sa_flags=0x00000042
SIGFPE: [libjvm.dylib+0x41891a], sa_mask[0]=0xfffefeff, sa_flags=0x00000042
SIGPIPE: [libjvm.dylib+0x41891a], sa_mask[0]=0xfffefeff, sa_flags=0x00000042
SIGXFSZ: [libjvm.dylib+0x41891a], sa_mask[0]=0xfffefeff, sa_flags=0x00000042
SIGILL: [libjvm.dylib+0x41891a], sa_mask[0]=0xfffefeff, sa_flags=0x00000042
SIGUSR1: SIG_DFL, sa_mask[0]=0x00000000, sa_flags=0x00000000
SIGUSR2: [libjvm.dylib+0x41840c], sa_mask[0]=0x00000004, sa_flags=0x00000042
SIGHUP: [libjvm.dylib+0x41669b], sa_mask[0]=0xfffefeff, sa_flags=0x00000042
SIGINT: [libjvm.dylib+0x41669b], sa_mask[0]=0xfffefeff, sa_flags=0x00000042
SIGTERM: [libjvm.dylib+0x41669b], sa_mask[0]=0xfffefeff, sa_flags=0x00000042
SIGQUIT: [libjvm.dylib+0x41669b], sa_mask[0]=0xfffefeff, sa_flags=0x00000042


---------------  S Y S T E M  ---------------

OS:Bsduname:Darwin 14.0.0 Darwin Kernel Version 14.0.0: Wed Jun 11 17:57:59 PDT 2014; root:xnu-2775.0.0.0.1~1/RELEASE_X86_64 x86_64
rlimit: STACK 8192k, CORE 0k, NPROC 709, NOFILE 10240, AS infinity
load average:1.33 1.36 1.15

CPU:total 4 (4 cores per cpu, 1 threads per core) family 6 model 58 stepping 9, cmov, cx8, fxsr, mmx, sse, sse2, sse3, ssse3, sse4.1, sse4.2, popcnt, avx, aes, erms, tsc, tscinvbit, tscinv

Memory: 4k page, physical 8388608k(2097152k free)

/proc/meminfo:


vm_info: Java HotSpot(TM) 64-Bit Server VM (24.45-b08) for bsd-amd64 JRE (1.7.0_45-b18), built on Oct  8 2013 05:54:16 by "java_re" with gcc 4.2.1 (Based on Apple Inc. build 5658) (LLVM build 2336.11.00)

time: Fri Jun 27 09:45:50 2014
elapsed time: 61 seconds

