#
# A fatal error has been detected by the Java Runtime Environment:
#
#  SIGSEGV (0xb) at pc=0x00001234401ece54, pid=1583, tid=51975
#
# JRE version: Java(TM) SE Runtime Environment (7.0_45-b18) (build 1.7.0_45-b18)
# Java VM: Java HotSpot(TM) 64-Bit Server VM (24.45-b08 mixed mode bsd-amd64 compressed oops)
# Problematic frame:
# C  [GeForceGLDriver+0x1ece54]
[error occurred during error reporting (printing problematic frame), id 0xe0000000]

# Failed to write core dump. Core dumps have been disabled. To enable core dumping, try "ulimit -c unlimited" before starting Java again
#
# If you would like to submit a bug report, please visit:
#   http://bugreport.sun.com/bugreport/crash.jsp
#

---------------  T H R E A D  ---------------

Current thread is native thread

siginfo:si_signo=SIGSEGV: si_errno=0, si_code=1 (SEGV_MAPERR), si_addr=0x0000000000000000

Registers:
RAX=0x0000000000000000, RBX=0x0000000128e24744, RCX=0x0000000000000000, RDX=0x0000000128e24744
RSP=0x000000012895d4d0, RBP=0x000000012895d530, RSI=0x00007f8f9218ac48, RDI=0x0000000128e02000
R8 =0x0000000000000001, R9 =0x0000000000000000, R10=0x0000000000000001, R11=0x0000000128e02000
R12=0x0000000000000000, R13=0x0000000111a8e070, R14=0x0000000128e02000, R15=0x00007f8f9218ac48
RIP=0x00001234401ece54, EFLAGS=0x0000000000010202, ERR=0x0000000000000004
  TRAPNO=0x000000000000000e

Top of Stack: (sp=0x000000012895d4d0)
0x000000012895d4d0:   00007f8f9218ac48 0000000000000080
0x000000012895d4e0:   0000000000001000 0000000128e24588
0x000000012895d4f0:   0000000000000001 000000000000007f
0x000000012895d500:   bf00ea00a1621080 0000000000000001
0x000000012895d510:   0000000000000000 0000000128e02000
0x000000012895d520:   0000000000000001 0000000000021d18
0x000000012895d530:   000000012895d660 00001234402f1225
0x000000012895d540:   0000000000000000 0000000128e24744
0x000000012895d550:   00007f8f9218ac48 0000000000000080
0x000000012895d560:   0000000000001000 0000000128e24588
0x000000012895d570:   0000000000000001 000000000000007f
0x000000012895d580:   0800000091cd3010 0000000128e23c28
0x000000012895d590:   0000000000000001 ffffffffffffff80
0x000000012895d5a0:   0000000000022588 00007f8f00000000
0x000000012895d5b0:   0000000000000000 0000000000000000
0x000000012895d5c0:   0000000000000000 0000000000000000
0x000000012895d5d0:   0000000000000000 0000000000000000
0x000000012895d5e0:   0000000000000000 0000000000000000
0x000000012895d5f0:   00007f8f9220d840 0000000128bd3000
0x000000012895d600:   0000000128bd4990 0000000000000010
0x000000012895d610:   0000000128c007d8 0000000000000001
0x000000012895d620:   000000012895d670 0000123440635327
0x000000012895d630:   bf00ea00a1621080 0000000128bd3000
0x000000012895d640:   000000012895f000 0000000000000000
0x000000012895d650:   0000000128e02000 0000000128e24744
0x000000012895d660:   000000012895d690 00001234401df6c9
0x000000012895d670:   00001234401df698 0000000128bd3000
0x000000012895d680:   0000000000000000 0000000000000000
0x000000012895d690:   000000012895d6d0 000012344031b407
0x000000012895d6a0:   0000000128e02000 0000000128bd3000
0x000000012895d6b0:   00007f8f9444f2f8 00007f8f921b4200
0x000000012895d6c0:   0000000040000400 0000000000000000 

Instructions: (pc=0x00001234401ece54)
0x00001234401ece34:   1c 1c 02 00 00 0f 84 fb 00 00 00 41 8b 86 10 1c
0x00001234401ece44:   02 00 49 8b 8e 68 27 02 00 48 8b 89 e0 0b 00 00
0x00001234401ece54:   3b 01 0f 85 de 00 00 00 41 80 bf 3d 0e 00 00 00
0x00001234401ece64:   0f 85 d0 00 00 00 48 89 5d a8 4c 8d 65 b0 bb 3e 

Register to memory mapping:

RAX=0x0000000000000000 is an unknown value
RBX=0x0000000128e24744 is an unknown value
RCX=0x0000000000000000 is an unknown value
RDX=0x0000000128e24744 is an unknown value
RSP=0x000000012895d4d0 is an unknown value
RBP=0x000000012895d530 is an unknown value
RSI=0x00007f8f9218ac48 is an unknown value
RDI=0x0000000128e02000 is an unknown value
R8 =0x0000000000000001 is an unknown value
R9 =0x0000000000000000 is an unknown value
R10=0x0000000000000001 is an unknown value
R11=0x0000000128e02000 is an unknown value
R12=0x0000000000000000 is an unknown value
R13=0x0000000111a8e070: __stack_chk_guard+0 in /usr/lib/system/libsystem_c.dylib at 0x00000001119fe000
R14=0x0000000128e02000 is an unknown value
R15=0x00007f8f9218ac48 is an unknown value


Stack: [0x00000001288df000,0x000000012895f000],  sp=0x000000012895d4d0,  free space=505k
Native frames: (J=compiled Java code, j=interpreted, Vv=VM code, C=native code)
C  [GeForceGLDriver+0x1ece54]
[error occurred during error reporting (printing native stack), id 0xe0000000]


---------------  P R O C E S S  ---------------

VM state:not at safepoint (normal execution)

VM Mutex/Monitor currently owned by a thread: None

Heap
 PSYoungGen      total 38912K, used 14922K [0x00000007d5500000, 0x00000007d8000000, 0x0000000800000000)
  eden space 33792K, 44% used [0x00000007d5500000,0x00000007d63929c8,0x00000007d7600000)
  from space 5120K, 0% used [0x00000007d7b00000,0x00000007d7b00000,0x00000007d8000000)
  to   space 5120K, 0% used [0x00000007d7600000,0x00000007d7600000,0x00000007d7b00000)
 ParOldGen       total 87040K, used 0K [0x0000000780000000, 0x0000000785500000, 0x00000007d5500000)
  object space 87040K, 0% used [0x0000000780000000,0x0000000780000000,0x0000000785500000)
 PSPermGen       total 21504K, used 14030K [0x000000077ae00000, 0x000000077c300000, 0x0000000780000000)
  object space 21504K, 65% used [0x000000077ae00000,0x000000077bbb3a98,0x000000077c300000)

Card table byte_map: [0x0000000119943000,0x0000000119d6d000] byte_map_base: 0x0000000115d6c000

Polling page: 0x000000010c61c000

Code Cache  [0x0000000116883000, 0x0000000116af3000, 0x0000000119883000)
 total_blobs=554 nmethods=63 adapters=445 free_code_cache=48511Kb largest_free_block=49657728

Compilation events (10 events):
Event: 13.410 Thread 0x00007f8f93057800   58             java.util.concurrent.locks.AbstractQueuedSynchronizer::release (33 bytes)
Event: 13.412 Thread 0x00007f8f93057800 nmethod 58 0x0000000116925b10 code [0x0000000116925c60, 0x0000000116925e68]
Event: 13.451 Thread 0x00007f8f9201d000   59             java.awt.image.PackedColorModel::countBits (44 bytes)
Event: 13.452 Thread 0x00007f8f9201d000 nmethod 59 0x0000000116921d90 code [0x0000000116921ec0, 0x0000000116921f58]
Event: 13.553 Thread 0x00007f8f93057800   60             java.util.concurrent.locks.ReentrantLock::unlock (10 bytes)
Event: 13.555 Thread 0x00007f8f93057800 nmethod 60 0x0000000116923310 code [0x0000000116923460, 0x0000000116923628]
Event: 13.981 Thread 0x00007f8f9201d000   62             sun.java2d.pipe.RenderBuffer::putInt (26 bytes)
Event: 13.981 Thread 0x00007f8f9201d000 nmethod 62 0x0000000116922d90 code [0x0000000116922ec0, 0x0000000116922f58]
Event: 13.993 Thread 0x00007f8f93057800   63             java.util.IdentityHashMap::clear (39 bytes)
Event: 13.995 Thread 0x00007f8f93057800 nmethod 63 0x0000000116922a90 code [0x0000000116922be0, 0x0000000116922cf8]

GC Heap History (0 events):
No events

Deoptimization events (6 events):
Event: 1.510 Thread 0x00007f8f92816000 Uncommon trap: reason=null_check action=make_not_entrant pc=0x00000001168eafa8 method=java.lang.String.equals(Ljava/lang/Object;)Z @ 8
Event: 2.572 Thread 0x00007f8f928af000 Uncommon trap: reason=class_check action=maybe_recompile pc=0x00000001168fe3cc method=java.lang.String.equals(Ljava/lang/Object;)Z @ 8
Event: 3.241 Thread 0x00007f8f928af000 Uncommon trap: reason=class_check action=maybe_recompile pc=0x00000001168fe3cc method=java.lang.String.equals(Ljava/lang/Object;)Z @ 8
Event: 3.241 Thread 0x00007f8f928af000 Uncommon trap: reason=class_check action=maybe_recompile pc=0x00000001168fe3cc method=java.lang.String.equals(Ljava/lang/Object;)Z @ 8
Event: 3.335 Thread 0x00007f8f928af000 Uncommon trap: reason=class_check action=maybe_recompile pc=0x00000001168fe3cc method=java.lang.String.equals(Ljava/lang/Object;)Z @ 8
Event: 5.673 Thread 0x00007f8f928af000 Uncommon trap: reason=unloaded action=reinterpret pc=0x000000011690de80 method=java.lang.CharacterData.of(I)Ljava/lang/CharacterData; @ 96

Internal exceptions (10 events):
Event: 5.644 Thread 0x00007f8f928af000 Threw 0x00000007d6036e60 at /HUDSON/workspace/7u-2-build-macosx-x86_64/jdk7u45/229/hotspot/src/share/vm/prims/jvm.cpp:1244
Event: 5.645 Thread 0x00007f8f928af000 Threw 0x00000007d603c1d0 at /HUDSON/workspace/7u-2-build-macosx-x86_64/jdk7u45/229/hotspot/src/share/vm/prims/jvm.cpp:1244
Event: 13.361 Thread 0x00007f8f928af000 Threw 0x00000007d62170d8 at /HUDSON/workspace/7u-2-build-macosx-x86_64/jdk7u45/229/hotspot/src/share/vm/prims/jvm.cpp:1244
Event: 13.364 Thread 0x00007f8f928af000 Threw 0x00000007d6221110 at /HUDSON/workspace/7u-2-build-macosx-x86_64/jdk7u45/229/hotspot/src/share/vm/prims/jvm.cpp:1244
Event: 13.364 Thread 0x00007f8f928af000 Threw 0x00000007d6224188 at /HUDSON/workspace/7u-2-build-macosx-x86_64/jdk7u45/229/hotspot/src/share/vm/prims/jvm.cpp:1244
Event: 13.373 Thread 0x00007f8f928af000 Threw 0x00000007d6248668 at /HUDSON/workspace/7u-2-build-macosx-x86_64/jdk7u45/229/hotspot/src/share/vm/prims/jvm.cpp:1244
Event: 13.374 Thread 0x00007f8f928af000 Threw 0x00000007d624c950 at /HUDSON/workspace/7u-2-build-macosx-x86_64/jdk7u45/229/hotspot/src/share/vm/prims/jvm.cpp:1244
Event: 14.622 Thread 0x00007f8f928af000 Threw 0x00000007d62dfec0 at /HUDSON/workspace/7u-2-build-macosx-x86_64/jdk7u45/229/hotspot/src/share/vm/prims/jvm.cpp:1244
Event: 14.625 Thread 0x00007f8f928af000 Threw 0x00000007d62e7e58 at /HUDSON/workspace/7u-2-build-macosx-x86_64/jdk7u45/229/hotspot/src/share/vm/prims/jvm.cpp:1244
Event: 14.627 Thread 0x00007f8f928af000 Threw 0x00000007d62ef100 at /HUDSON/workspace/7u-2-build-macosx-x86_64/jdk7u45/229/hotspot/src/share/vm/prims/jvm.cpp:1244

Events (10 events):
Event: 14.625 loading class 0x00007f8f91d4ab40
Event: 14.625 loading class 0x00007f8f91d4ab40 done
Event: 14.627 loading class 0x00007f8f91ddbc20
Event: 14.627 loading class 0x00007f8f91ddbc20 done
Event: 14.634 Executing VM operation: RevokeBias
Event: 14.634 Executing VM operation: RevokeBias done
Event: 14.639 Executing VM operation: RevokeBias
Event: 14.639 Executing VM operation: RevokeBias done
Event: 14.645 Executing VM operation: RevokeBias
Event: 14.646 Executing VM operation: RevokeBias done


Dynamic libraries:
0x000000010c613000 	/System/Library/Frameworks/Cocoa.framework/Versions/A/Cocoa
0x000000010c61d000 	/System/Library/Frameworks/Security.framework/Versions/A/Security
0x000000010c9c3000 	/System/Library/Frameworks/ApplicationServices.framework/Versions/A/ApplicationServices
0x000000010c9ca000 	/usr/lib/libz.1.dylib
0x000000010c9e3000 	/usr/lib/libSystem.B.dylib
0x000000010c9ef000 	/usr/lib/libobjc.A.dylib
0x000000010cbff000 	/System/Library/Frameworks/CoreFoundation.framework/Versions/A/CoreFoundation
0x000000010d119000 	/System/Library/Frameworks/Foundation.framework/Versions/C/Foundation
0x000000010d697000 	/System/Library/Frameworks/AppKit.framework/Versions/C/AppKit
0x000000010e9bc000 	/System/Library/Frameworks/CoreData.framework/Versions/A/CoreData
0x000000000ab2f000 	/System/Library/PrivateFrameworks/RemoteViewServices.framework/Versions/A/RemoteViewServices
0x000000010ed6b000 	/System/Library/PrivateFrameworks/UIFoundation.framework/Versions/A/UIFoundation
0x000000010eeed000 	/System/Library/Frameworks/AudioToolbox.framework/Versions/A/AudioToolbox
0x000000010f0fc000 	/System/Library/Frameworks/AudioUnit.framework/Versions/A/AudioUnit
0x000000010f107000 	/System/Library/PrivateFrameworks/DataDetectorsCore.framework/Versions/A/DataDetectorsCore
0x000000010f1ae000 	/System/Library/PrivateFrameworks/DesktopServicesPriv.framework/Versions/A/DesktopServicesPriv
0x000000010f34b000 	/System/Library/Frameworks/Carbon.framework/Versions/A/Frameworks/HIToolbox.framework/Versions/A/HIToolbox
0x000000010f7c4000 	/System/Library/Frameworks/QuartzCore.framework/Versions/A/QuartzCore
0x000000010fa53000 	/System/Library/Frameworks/Carbon.framework/Versions/A/Frameworks/SpeechRecognition.framework/Versions/A/SpeechRecognition
0x000000010fa65000 	/usr/lib/libauto.dylib
0x000000010fac3000 	/usr/lib/libicucore.A.dylib
0x000000010fd65000 	/usr/lib/libxml2.2.dylib
0x000000010fe94000 	/System/Library/PrivateFrameworks/CoreUI.framework/Versions/A/CoreUI
0x00000001100ba000 	/System/Library/Frameworks/CoreAudio.framework/Versions/A/CoreAudio
0x0000000110134000 	/System/Library/Frameworks/DiskArbitration.framework/Versions/A/DiskArbitration
0x0000000110149000 	/usr/lib/liblangid.dylib
0x0000000110153000 	/System/Library/PrivateFrameworks/MultitouchSupport.framework/Versions/A/MultitouchSupport
0x000000011017c000 	/System/Library/Frameworks/IOKit.framework/Versions/A/IOKit
0x0000000110235000 	/usr/lib/libDiagnosticMessagesClient.dylib
0x000000011023b000 	/System/Library/Frameworks/CoreServices.framework/Versions/A/CoreServices
0x0000000110246000 	/System/Library/PrivateFrameworks/PerformanceAnalysis.framework/Versions/A/PerformanceAnalysis
0x0000000110340000 	/System/Library/PrivateFrameworks/GenerationalStorage.framework/Versions/A/GenerationalStorage
0x0000000110373000 	/System/Library/Frameworks/OpenGL.framework/Versions/A/OpenGL
0x000000011038c000 	/System/Library/PrivateFrameworks/Sharing.framework/Versions/A/Sharing
0x00000001103e9000 	/System/Library/Frameworks/CoreGraphics.framework/Versions/A/CoreGraphics
0x0000000110db2000 	/System/Library/Frameworks/CoreText.framework/Versions/A/CoreText
0x0000000110f5e000 	/System/Library/Frameworks/ImageIO.framework/Versions/A/ImageIO
0x000000011110c000 	/usr/lib/libextension.dylib
0x0000000111146000 	/System/Library/PrivateFrameworks/Backup.framework/Versions/A/Backup
0x00000001112ba000 	/usr/lib/libarchive.2.dylib
0x00000001112f6000 	/System/Library/Frameworks/CFNetwork.framework/Versions/A/CFNetwork
0x0000000111658000 	/System/Library/Frameworks/SystemConfiguration.framework/Versions/A/SystemConfiguration
0x0000000111711000 	/usr/lib/libCRFSuite.dylib
0x000000011173c000 	/usr/lib/libc++.1.dylib
0x00000001117f3000 	/usr/lib/libc++abi.dylib
0x0000000111830000 	/usr/lib/system/libcache.dylib
0x0000000111839000 	/usr/lib/system/libcommonCrypto.dylib
0x0000000111859000 	/usr/lib/system/libcompiler_rt.dylib
0x0000000111870000 	/usr/lib/system/libcopyfile.dylib
0x0000000111882000 	/usr/lib/system/libcorecrypto.dylib
0x0000000111936000 	/usr/lib/system/libdispatch.dylib
0x0000000111985000 	/usr/lib/system/libdyld.dylib
0x0000000111990000 	/usr/lib/system/libkeymgr.dylib
0x000000011199b000 	/usr/lib/system/liblaunch.dylib
0x00000001119a8000 	/usr/lib/system/libmacho.dylib
0x00000001119b6000 	/usr/lib/system/libquarantine.dylib
0x00000001119c4000 	/usr/lib/system/libremovefile.dylib
0x00000001119ce000 	/usr/lib/system/libsystem_asl.dylib
0x00000001119f5000 	/usr/lib/system/libsystem_blocks.dylib
0x00000001119fe000 	/usr/lib/system/libsystem_c.dylib
0x0000000111aba000 	/usr/lib/system/libsystem_configuration.dylib
0x0000000111ac2000 	/usr/lib/system/libsystem_coreservices.dylib
0x0000000111aca000 	/usr/lib/system/libsystem_coretls.dylib
0x0000000111af0000 	/usr/lib/system/libsystem_dnssd.dylib
0x0000000111b00000 	/usr/lib/system/libsystem_info.dylib
0x0000000111b45000 	/usr/lib/system/libsystem_kernel.dylib
0x0000000111b77000 	/usr/lib/system/libsystem_m.dylib
0x0000000111bb9000 	/usr/lib/system/libsystem_malloc.dylib
0x0000000111bdf000 	/usr/lib/system/libsystem_network.dylib
0x0000000111c44000 	/usr/lib/system/libsystem_networkextension.dylib
0x0000000111c55000 	/usr/lib/system/libsystem_notify.dylib
0x0000000111c6d000 	/usr/lib/system/libsystem_platform.dylib
0x0000000111c83000 	/usr/lib/system/libsystem_pthread.dylib
0x0000000111c9e000 	/usr/lib/system/libsystem_sandbox.dylib
0x0000000111ca7000 	/usr/lib/system/libsystem_secinit.dylib
0x0000000111cb0000 	/usr/lib/system/libsystem_stats.dylib
0x0000000111cc1000 	/usr/lib/system/libsystem_trace.dylib
0x0000000111cd8000 	/usr/lib/system/libunc.dylib
0x0000000111ce3000 	/usr/lib/system/libunwind.dylib
0x0000000111cf3000 	/usr/lib/system/libxpc.dylib
0x0000000111d3e000 	/usr/lib/libbz2.1.0.dylib
0x0000000111d51000 	/usr/lib/liblzma.5.dylib
0x0000000111d7a000 	/usr/lib/libbsm.0.dylib
0x0000000111d98000 	/usr/lib/libsqlite3.dylib
0x0000000111ee2000 	/usr/lib/system/libkxld.dylib
0x0000000111ef5000 	/usr/lib/libxar.1.dylib
0x0000000111f0b000 	/usr/lib/libpam.2.dylib
0x0000000111f18000 	/usr/lib/libOpenScriptingUtil.dylib
0x0000000111f21000 	/System/Library/Frameworks/CoreServices.framework/Versions/A/Frameworks/FSEvents.framework/Versions/A/FSEvents
0x0000000111f36000 	/System/Library/Frameworks/CoreServices.framework/Versions/A/Frameworks/CarbonCore.framework/Versions/A/CarbonCore
0x0000000111a9a000 	/System/Library/Frameworks/CoreServices.framework/Versions/A/Frameworks/Metadata.framework/Versions/A/Metadata
0x000000011239f000 	/System/Library/Frameworks/CoreServices.framework/Versions/A/Frameworks/OSServices.framework/Versions/A/OSServices
0x0000000112478000 	/System/Library/Frameworks/CoreServices.framework/Versions/A/Frameworks/SearchKit.framework/Versions/A/SearchKit
0x000000011252e000 	/System/Library/Frameworks/CoreServices.framework/Versions/A/Frameworks/AE.framework/Versions/A/AE
0x00000001125bc000 	/System/Library/Frameworks/CoreServices.framework/Versions/A/Frameworks/LaunchServices.framework/Versions/A/LaunchServices
0x0000000112783000 	/System/Library/Frameworks/CoreServices.framework/Versions/A/Frameworks/DictionaryServices.framework/Versions/A/DictionaryServices
0x00000001127d4000 	/System/Library/Frameworks/NetFS.framework/Versions/A/NetFS
0x00000001127e7000 	/System/Library/PrivateFrameworks/NetAuth.framework/Versions/A/NetAuth
0x0000000112802000 	/System/Library/PrivateFrameworks/login.framework/Versions/A/Frameworks/loginsupport.framework/Versions/A/loginsupport
0x000000011280d000 	/System/Library/PrivateFrameworks/TCC.framework/Versions/A/TCC
0x0000000112818000 	/System/Library/Frameworks/OpenDirectory.framework/Versions/A/Frameworks/CFOpenDirectory.framework/Versions/A/CFOpenDirectory
0x0000000112854000 	/System/Library/Frameworks/ServiceManagement.framework/Versions/A/ServiceManagement
0x0000000112864000 	/usr/lib/libxslt.1.dylib
0x000000011289b000 	/System/Library/Frameworks/Carbon.framework/Versions/A/Frameworks/Ink.framework/Versions/A/Ink
0x0000000112968000 	/System/Library/Frameworks/ApplicationServices.framework/Versions/A/Frameworks/ATS.framework/Versions/A/ATS
0x0000000112a0e000 	/System/Library/Frameworks/ApplicationServices.framework/Versions/A/Frameworks/ColorSync.framework/Versions/A/ColorSync
0x0000000112aea000 	/System/Library/Frameworks/ApplicationServices.framework/Versions/A/Frameworks/HIServices.framework/Versions/A/HIServices
0x0000000112b6f000 	/System/Library/Frameworks/ApplicationServices.framework/Versions/A/Frameworks/LangAnalysis.framework/Versions/A/LangAnalysis
0x0000000018a8c000 	/System/Library/Frameworks/ApplicationServices.framework/Versions/A/Frameworks/PrintCore.framework/Versions/A/PrintCore
0x0000000112c07000 	/System/Library/Frameworks/ApplicationServices.framework/Versions/A/Frameworks/QD.framework/Versions/A/QD
0x0000000112c64000 	/System/Library/Frameworks/ApplicationServices.framework/Versions/A/Frameworks/SpeechSynthesis.framework/Versions/A/SpeechSynthesis
0x0000000112c80000 	/System/Library/Frameworks/IOSurface.framework/Versions/A/IOSurface
0x0000000112c8e000 	/System/Library/Frameworks/Accelerate.framework/Versions/A/Accelerate
0x0000000112c94000 	/System/Library/Frameworks/Accelerate.framework/Versions/A/Frameworks/vImage.framework/Versions/A/vImage
0x000000011313a000 	/System/Library/Frameworks/Accelerate.framework/Versions/A/Frameworks/vecLib.framework/Versions/A/vecLib
0x0000000113143000 	/System/Library/Frameworks/Accelerate.framework/Versions/A/Frameworks/vecLib.framework/Versions/A/libvDSP.dylib
0x000000011326c000 	/System/Library/Frameworks/Accelerate.framework/Versions/A/Frameworks/vecLib.framework/Versions/A/libvMisc.dylib
0x000000011333f000 	/System/Library/Frameworks/Accelerate.framework/Versions/A/Frameworks/vecLib.framework/Versions/A/libLAPACK.dylib
0x00000001137b2000 	/System/Library/Frameworks/Accelerate.framework/Versions/A/Frameworks/vecLib.framework/Versions/A/libBLAS.dylib
0x000000011396a000 	/System/Library/Frameworks/Accelerate.framework/Versions/A/Frameworks/vecLib.framework/Versions/A/libLinearAlgebra.dylib
0x000000011398a000 	/System/Library/Frameworks/ApplicationServices.framework/Versions/A/Frameworks/ATS.framework/Versions/A/Resources/libFontParser.dylib
0x0000000113af9000 	/System/Library/Frameworks/ApplicationServices.framework/Versions/A/Frameworks/ATS.framework/Versions/A/Resources/libFontRegistry.dylib
0x0000000113b69000 	/System/Library/PrivateFrameworks/AppleVPA.framework/Versions/A/AppleVPA
0x0000000113b8c000 	/System/Library/PrivateFrameworks/AppleJPEG.framework/Versions/A/AppleJPEG
0x0000000113c9e000 	/System/Library/Frameworks/ImageIO.framework/Versions/A/Resources/libJPEG.dylib
0x0000000113ccf000 	/System/Library/Frameworks/ImageIO.framework/Versions/A/Resources/libTIFF.dylib
0x0000000113d39000 	/System/Library/Frameworks/ImageIO.framework/Versions/A/Resources/libPng.dylib
0x0000000113d6c000 	/System/Library/Frameworks/ImageIO.framework/Versions/A/Resources/libGIF.dylib
0x0000000113d77000 	/System/Library/Frameworks/ImageIO.framework/Versions/A/Resources/libJP2.dylib
0x0000000113e94000 	/System/Library/Frameworks/ImageIO.framework/Versions/A/Resources/libRadiance.dylib
0x0000000113ea1000 	/System/Library/Frameworks/CoreVideo.framework/Versions/A/CoreVideo
0x0000000113ef0000 	/System/Library/Frameworks/OpenGL.framework/Versions/A/Libraries/libGLU.dylib
0x0000000113f44000 	/System/Library/Frameworks/OpenGL.framework/Versions/A/Libraries/libGFXShared.dylib
0x0000000113f57000 	/System/Library/Frameworks/OpenGL.framework/Versions/A/Libraries/libGL.dylib
0x0000000113f77000 	/System/Library/Frameworks/OpenGL.framework/Versions/A/Libraries/libGLImage.dylib
0x0000000113fc3000 	/System/Library/Frameworks/OpenGL.framework/Versions/A/Libraries/libCVMSPluginSupport.dylib
0x0000000113fd1000 	/System/Library/Frameworks/OpenGL.framework/Versions/A/Libraries/libCoreVMClient.dylib
0x0000000113fde000 	/usr/lib/libcups.2.dylib
0x0000000114041000 	/System/Library/Frameworks/Kerberos.framework/Versions/A/Kerberos
0x0000000114074000 	/System/Library/Frameworks/GSS.framework/Versions/A/GSS
0x00000001140c6000 	/usr/lib/libresolv.9.dylib
0x00000001140f5000 	/usr/lib/libiconv.2.dylib
0x00000001141fd000 	/System/Library/PrivateFrameworks/Heimdal.framework/Versions/A/Heimdal
0x000000011429c000 	/usr/lib/libheimdal-asn1.dylib
0x00000001142ad000 	/System/Library/Frameworks/OpenDirectory.framework/Versions/A/OpenDirectory
0x00000001142d0000 	/System/Library/PrivateFrameworks/CommonAuth.framework/Versions/A/CommonAuth
0x00000001142e1000 	/System/Library/Frameworks/SecurityFoundation.framework/Versions/A/SecurityFoundation
0x0000000114399000 	/System/Library/Frameworks/QuartzCore.framework/Versions/A/Frameworks/CoreImage.framework/Versions/A/CoreImage
0x00000001147bd000 	/System/Library/PrivateFrameworks/CrashReporterSupport.framework/Versions/A/CrashReporterSupport
0x00000001147dc000 	/System/Library/Frameworks/OpenCL.framework/Versions/A/OpenCL
0x0000000114844000 	/System/Library/PrivateFrameworks/FaceCore.framework/Versions/A/FaceCore
0x0000000114e93000 	/System/Library/PrivateFrameworks/Ubiquity.framework/Versions/A/Ubiquity
0x0000000114ec7000 	/System/Library/PrivateFrameworks/IconServices.framework/Versions/A/IconServices
0x0000000114f0c000 	/System/Library/PrivateFrameworks/ChunkingLibrary.framework/Versions/A/ChunkingLibrary
0x0000000114f45000 	/System/Library/PrivateFrameworks/DebugSymbols.framework/Versions/A/DebugSymbols
0x0000000114f9e000 	/System/Library/PrivateFrameworks/CommerceKit.framework/Versions/A/Frameworks/CommerceCore.framework/Versions/A/CommerceCore
0x0000000114fbc000 	/System/Library/PrivateFrameworks/CoreSymbolication.framework/Versions/A/CoreSymbolication
0x000000011505f000 	/System/Library/PrivateFrameworks/Symbolication.framework/Versions/A/Symbolication
0x00000001150c7000 	/System/Library/PrivateFrameworks/AppContainer.framework/Versions/A/AppContainer
0x00000001150f5000 	/System/Library/PrivateFrameworks/SecCodeWrapper.framework/Versions/A/SecCodeWrapper
0x0000000115104000 	/System/Library/PrivateFrameworks/SpeechRecognitionCore.framework/Versions/A/SpeechRecognitionCore
0x0000000115e00000 	/Library/Java/JavaVirtualMachines/jdk1.7.0_45.jdk/Contents/Home/jre/lib/server/libjvm.dylib
0x0000000115417000 	/usr/lib/libstdc++.6.dylib
0x00000001155d0000 	/Library/Java/JavaVirtualMachines/jdk1.7.0_45.jdk/Contents/Home/jre/lib/libverify.dylib
0x0000000116853000 	/Library/Java/JavaVirtualMachines/jdk1.7.0_45.jdk/Contents/Home/jre/lib/libjava.dylib
0x00000001155e5000 	/Library/Java/JavaVirtualMachines/jdk1.7.0_45.jdk/Contents/Home/jre/lib/libzip.dylib
0x000000012004b000 	/System/Library/Frameworks/JavaVM.framework/Frameworks/JavaRuntimeSupport.framework/JavaRuntimeSupport
0x0000000120063000 	/System/Library/Frameworks/JavaVM.framework/Versions/A/Frameworks/JavaNativeFoundation.framework/Versions/A/JavaNativeFoundation
0x00000001155ee000 	/System/Library/Frameworks/JavaVM.framework/Versions/A/JavaVM
0x000000010c9ea000 	/System/Library/Frameworks/Carbon.framework/Versions/A/Carbon
0x0000000120078000 	/System/Library/PrivateFrameworks/JavaLaunching.framework/Versions/A/JavaLaunching
0x0000000120084000 	/System/Library/Frameworks/Carbon.framework/Versions/A/Frameworks/CommonPanels.framework/Versions/A/CommonPanels
0x000000012008f000 	/System/Library/Frameworks/Carbon.framework/Versions/A/Frameworks/Help.framework/Versions/A/Help
0x0000000120098000 	/System/Library/Frameworks/Carbon.framework/Versions/A/Frameworks/ImageCapture.framework/Versions/A/ImageCapture
0x00000001200c5000 	/System/Library/Frameworks/Carbon.framework/Versions/A/Frameworks/OpenScripting.framework/Versions/A/OpenScripting
0x00000000a8b91000 	/System/Library/Frameworks/Carbon.framework/Versions/A/Frameworks/Print.framework/Versions/A/Print
0x000000010f344000 	/System/Library/Frameworks/Carbon.framework/Versions/A/Frameworks/SecurityHI.framework/Versions/A/SecurityHI
0x0000000121e3f000 	/Library/Java/JavaVirtualMachines/jdk1.7.0_45.jdk/Contents/Home/jre/lib/libnio.dylib
0x0000000121e4e000 	/Library/Java/JavaVirtualMachines/jdk1.7.0_45.jdk/Contents/Home/jre/lib/./libnet.dylib
0x0000000121fbc000 	/Library/Java/JavaVirtualMachines/jdk1.7.0_45.jdk/Contents/Home/jre/lib/libawt.dylib
0x000000012206b000 	/Library/Java/JavaVirtualMachines/jdk1.7.0_45.jdk/Contents/Home/jre/lib/./libmlib_image.dylib
0x0000000122137000 	/Library/Java/JavaVirtualMachines/jdk1.7.0_45.jdk/Contents/Home/jre/lib/lwawt/liblwawt.dylib
0x00000001221eb000 	/Library/Java/JavaVirtualMachines/jdk1.7.0_45.jdk/Contents/Home/jre/lib/libosxapp.dylib
0x000000011023f000 	/System/Library/Frameworks/ExceptionHandling.framework/Versions/A/ExceptionHandling
0x000000012224d000 	/System/Library/PrivateFrameworks/CoreServicesInternal.framework/CoreServicesInternal
0x00000001222c6000 	/System/Library/PrivateFrameworks/CloudDocs.framework/CloudDocs
0x0000000122330000 	/System/Library/PrivateFrameworks/CoreDuet.framework/Versions/A/CoreDuet
0x0000000122359000 	/System/Library/Frameworks/CloudKit.framework/Versions/A/CloudKit
0x000000012268b000 	/System/Library/PrivateFrameworks/ProtocolBuffer.framework/Versions/A/ProtocolBuffer
0x00000001226a6000 	/System/Library/PrivateFrameworks/CoreDuetDaemonProtocol.framework/Versions/A/CoreDuetDaemonProtocol
0x0000000110143000 	/System/Library/PrivateFrameworks/CoreDuetDebugLogging.framework/Versions/A/CoreDuetDebugLogging
0x00000001226c4000 	/System/Library/Frameworks/CoreLocation.framework/Versions/A/CoreLocation
0x000000012272d000 	/System/Library/Frameworks/Accounts.framework/Versions/A/Accounts
0x0000000122784000 	/System/Library/PrivateFrameworks/ApplePushService.framework/Versions/A/ApplePushService
0x00000001227ba000 	/System/Library/PrivateFrameworks/GeoServices.framework/Versions/A/GeoServices
0x000000012245a000 	/System/Library/PrivateFrameworks/OAuth.framework/Versions/A/OAuth
0x0000000122c1c000 	/System/Library/PrivateFrameworks/CoreDaemon.framework/Versions/B/CoreDaemon
0x0000000122c63000 	/usr/lib/libcrypto.0.9.8.dylib
0x0000000122db0000 	/System/Library/PrivateFrameworks/AppleSRP.framework/Versions/A/AppleSRP
0x0000000110176000 	/System/Library/PrivateFrameworks/TrustEvaluationAgent.framework/Versions/A/TrustEvaluationAgent
0x0000000122dbf000 	/System/Library/Frameworks/CoreGraphics.framework/Versions/A/Resources/libCGCMS.A.dylib
0x0000000123d7e000 	/System/Library/Frameworks/CoreGraphics.framework/Versions/A/Resources/libRIP.A.dylib
0x0000000123ff1000 	/System/Library/Frameworks/CoreGraphics.framework/Versions/A/Resources/libCGXType.A.dylib
0x0000000124982000 	/System/Library/Frameworks/OpenCL.framework/Libraries/libcldcpuengine.dylib
0x0000000124990000 	/System/Library/PrivateFrameworks/DiskImages.framework/Versions/A/DiskImages
0x0000000124ac6000 	/System/Library/Frameworks/DiscRecording.framework/Versions/A/DiscRecording
0x0000000124be8000 	/usr/lib/libcsfde.dylib
0x0000000124bfe000 	/usr/lib/libcurl.4.dylib
0x0000000124c55000 	/System/Library/PrivateFrameworks/MediaKit.framework/Versions/A/MediaKit
0x0000000124c9a000 	/System/Library/PrivateFrameworks/ProtectedCloudStorage.framework/Versions/A/ProtectedCloudStorage
0x0000000124cc1000 	/usr/lib/libCoreStorage.dylib
0x0000000124d7a000 	/System/Library/PrivateFrameworks/EFILogin.framework/Versions/A/EFILogin
0x0000000124d82000 	/usr/lib/libutil.dylib
0x0000000124d8a000 	/System/Library/PrivateFrameworks/FindMyDevice.framework/Versions/A/FindMyDevice
0x0000000124d9f000 	/System/Library/Frameworks/LDAP.framework/Versions/A/LDAP
0x0000000124e0f000 	/usr/lib/libsasl2.2.dylib
0x0000000110130000 	cl_kernels
0x0000000124e29000 	/System/Library/Frameworks/OpenCL.framework/Libraries/ImageFormats/unorm8_bgra.dylib
0x0000000110150000 	cl_kernels
0x0000000126053000 	/System/Library/PrivateFrameworks/FamilyControls.framework/Versions/A/FamilyControls
0x0000000126090000 	/System/Library/PrivateFrameworks/SystemAdministration.framework/Versions/A/SystemAdministration
0x0000000123f99000 	/System/Library/Frameworks/DirectoryService.framework/Versions/A/DirectoryService
0x00000001260e5000 	/System/Library/PrivateFrameworks/LoginUIKit.framework/Versions/A/Frameworks/LoginUICore.framework/Versions/A/LoginUICore
0x0000000110f57000 	/usr/lib/libodfde.dylib
0x0000000126276000 	/System/Library/Frameworks/OpenGL.framework/Resources/GLEngine.bundle/GLEngine
0x0000000126461000 	/System/Library/Frameworks/OpenGL.framework/Versions/A/Libraries/libGLProgrammability.dylib
0x0000000000000000 	/System/Library/Extensions/GeForceGLDriver.bundle/Contents/MacOS/GeForceGLDriver
0x00000001268a4000 	/System/Library/Extensions/GeForceGLDriver.bundle/Contents/MacOS/libclh.dylib
0x000000012732a000 	/System/Library/PrivateFrameworks/IOAccelerator.framework/Versions/A/IOAccelerator
0x0000000127336000 	/System/Library/PrivateFrameworks/GPUSupport.framework/Versions/A/Libraries/libGPUSupportMercury.dylib
0x000000012774a000 	/System/Library/Frameworks/OpenGL.framework/Resources//GLRendererFloat.bundle/GLRendererFloat
0x0000000128125000 	/Library/Java/JavaVirtualMachines/jdk1.7.0_45.jdk/Contents/Home/jre/lib/libfontmanager.dylib
0x0000000128189000 	/Library/Java/JavaVirtualMachines/jdk1.7.0_45.jdk/Contents/Home/jre/lib/libosxui.dylib
0x000000012b107000 	/Library/Java/JavaVirtualMachines/jdk1.7.0_45.jdk/Contents/Home/jre/lib/libdcpr.dylib

VM Arguments:
jvm_args: -Dfile.encoding=US-ASCII 
java_command: main.Main
Launcher Type: SUN_STANDARD

Environment Variables:
PATH=/usr/bin:/bin:/usr/sbin:/sbin
SHELL=/bin/bash

Signal Handlers:
SIGSEGV: [libjvm.dylib+0x525415], sa_mask[0]=0xfffefeff, sa_flags=0x00000043
SIGBUS: [libjvm.dylib+0x525415], sa_mask[0]=0xfffefeff, sa_flags=0x00000042
SIGFPE: [libjvm.dylib+0x41891a], sa_mask[0]=0xfffefeff, sa_flags=0x00000042
SIGPIPE: [libjvm.dylib+0x41891a], sa_mask[0]=0xfffefeff, sa_flags=0x00000042
SIGXFSZ: [libjvm.dylib+0x41891a], sa_mask[0]=0xfffefeff, sa_flags=0x00000042
SIGILL: [libjvm.dylib+0x41891a], sa_mask[0]=0xfffefeff, sa_flags=0x00000042
SIGUSR1: SIG_DFL, sa_mask[0]=0x00000000, sa_flags=0x00000000
SIGUSR2: [libjvm.dylib+0x41840c], sa_mask[0]=0x00000004, sa_flags=0x00000042
SIGHUP: [libjvm.dylib+0x41669b], sa_mask[0]=0xfffefeff, sa_flags=0x00000042
SIGINT: [libjvm.dylib+0x41669b], sa_mask[0]=0xfffefeff, sa_flags=0x00000042
SIGTERM: [libjvm.dylib+0x41669b], sa_mask[0]=0xfffefeff, sa_flags=0x00000042
SIGQUIT: [libjvm.dylib+0x41669b], sa_mask[0]=0xfffefeff, sa_flags=0x00000042


---------------  S Y S T E M  ---------------

OS:Bsduname:Darwin 14.0.0 Darwin Kernel Version 14.0.0: Wed Jun 11 17:57:59 PDT 2014; root:xnu-2775.0.0.0.1~1/RELEASE_X86_64 x86_64
rlimit: STACK 8192k, CORE 0k, NPROC 709, NOFILE 10240, AS infinity
load average:1.41 1.25 1.17

CPU:total 4 (4 cores per cpu, 1 threads per core) family 6 model 58 stepping 9, cmov, cx8, fxsr, mmx, sse, sse2, sse3, ssse3, sse4.1, sse4.2, popcnt, avx, aes, erms, tsc, tscinvbit, tscinv

Memory: 4k page, physical 8388608k(2097152k free)

/proc/meminfo:


vm_info: Java HotSpot(TM) 64-Bit Server VM (24.45-b08) for bsd-amd64 JRE (1.7.0_45-b18), built on Oct  8 2013 05:54:16 by "java_re" with gcc 4.2.1 (Based on Apple Inc. build 5658) (LLVM build 2336.11.00)

time: Thu Jun 26 18:44:42 2014
elapsed time: 14 seconds

