#
# A fatal error has been detected by the Java Runtime Environment:
#
#  SIGSEGV (0xb) at pc=0x00001234401ec12d, pid=1000, tid=50179
#
# JRE version: Java(TM) SE Runtime Environment (7.0_45-b18) (build 1.7.0_45-b18)
# Java VM: Java HotSpot(TM) 64-Bit Server VM (24.45-b08 mixed mode bsd-amd64 compressed oops)
# Problematic frame:
# C  [GeForceGLDriver+0x1ec12d]
#
# Failed to write core dump. Core dumps have been disabled. To enable core dumping, try "ulimit -c unlimited" before starting Java again
#
# If you would like to submit a bug report, please visit:
#   http://bugreport.sun.com/bugreport/crash.jsp
#

---------------  T H R E A D  ---------------

Current thread is native thread

siginfo:si_signo=SIGSEGV: si_errno=0, si_code=1 (SEGV_MAPERR), si_addr=0x0000000000000000

Registers:
RAX=0x0000000000000000, RBX=0x0000000000000001, RCX=0x0000000000000000, RDX=0x000000011f1ea744
RSP=0x000000011ed9e4d0, RBP=0x000000011ed9e530, RSI=0x00007fc5dc0bf648, RDI=0x000000011f1c8000
R8 =0x0000000000000001, R9 =0x0000000000000000, R10=0x0000000000000001, R11=0x000000011f1c8000
R12=0x0000000000000000, R13=0x00007fff7ef78070, R14=0x000000011f1c8000, R15=0x00007fc5dc0bf648
RIP=0x00001234401ec12d, EFLAGS=0x0000000000010202, ERR=0x0000000000000004
  TRAPNO=0x000000000000000e

Top of Stack: (sp=0x000000011ed9e4d0)
0x000000011ed9e4d0:   00007fc5dc0bf648 0000000000000080
0x000000011ed9e4e0:   0000000000001000 000000011f1ea588
0x000000011ed9e4f0:   0000000000000001 000000000000007f
0x000000011ed9e500:   5700e091501a4936 0000000000000001
0x000000011ed9e510:   0000000000000000 000000011f1c8000
0x000000011ed9e520:   0000000000000001 0000000000021d18
0x000000011ed9e530:   000000011ed9e660 00001234402f0135
0x000000011ed9e540:   0000000000000000 000000011f1ea744
0x000000011ed9e550:   00007fc5dc0bf648 0000000000000080
0x000000011ed9e560:   0000000000001000 000000011f1ea588
0x000000011ed9e570:   0000000000000001 000000000000007f
0x000000011ed9e580:   08000000da7756d0 000000011f1e9c28
0x000000011ed9e590:   0000000000000001 ffffffffffffff80
0x000000011ed9e5a0:   0000000000022588 00007fc500000000
0x000000011ed9e5b0:   0000000000000000 0000000000000000
0x000000011ed9e5c0:   0000000000000000 0000000000000000
0x000000011ed9e5d0:   0000000000000000 0000000000000000
0x000000011ed9e5e0:   0000000000000000 0000000000000000
0x000000011ed9e5f0:   00007fc5dc108840 000000011f023000
0x000000011ed9e600:   000000011f024988 0000000000000010
0x000000011ed9e610:   000000011f0507d0 0000000000000001
0x000000011ed9e620:   000000011ed9e670 000012344063291b
0x000000011ed9e630:   5700e091501a4936 000000011f023000
0x000000011ed9e640:   0000000000000000 000000011f1c8000
0x000000011ed9e650:   000000011f1c8000 000000011f1ea744
0x000000011ed9e660:   000000011ed9e690 00001234401dea29
0x000000011ed9e670:   0000000000000001 000000011f023000
0x000000011ed9e680:   00007fc5dc0bf648 0000000000000000
0x000000011ed9e690:   000000011ed9e6d0 0000123440319c1f
0x000000011ed9e6a0:   00007fc5da631260 000000011f023000
0x000000011ed9e6b0:   00007fc5da7bfa08 00007fc5dc0af600
0x000000011ed9e6c0:   0000000040000400 0000000000000000 

Instructions: (pc=0x00001234401ec12d)
0x00001234401ec10d:   1c 1c 02 00 00 0f 84 fb 00 00 00 41 8b 86 10 1c
0x00001234401ec11d:   02 00 49 8b 8e 68 27 02 00 48 8b 89 e0 0b 00 00
0x00001234401ec12d:   3b 01 0f 85 de 00 00 00 41 80 bf 3d 0e 00 00 00
0x00001234401ec13d:   0f 85 d0 00 00 00 48 89 55 a8 4c 8d 65 b0 bb 3e 

Register to memory mapping:

RAX=0x0000000000000000 is an unknown value
RBX=0x0000000000000001 is an unknown value
RCX=0x0000000000000000 is an unknown value
RDX=0x000000011f1ea744 is an unknown value
RSP=0x000000011ed9e4d0 is an unknown value
RBP=0x000000011ed9e530 is an unknown value
RSI=0x00007fc5dc0bf648 is an unknown value
RDI=0x000000011f1c8000 is an unknown value
R8 =0x0000000000000001 is an unknown value
R9 =0x0000000000000000 is an unknown value
R10=0x0000000000000001 is an unknown value
R11=0x000000011f1c8000 is an unknown value
R12=0x0000000000000000 is an unknown value
R13=0x00007fff7ef78070: __stack_chk_guard+0 in /usr/lib/system/libsystem_c.dylib at 0x00007fff9b4c0000
R14=0x000000011f1c8000 is an unknown value
R15=0x00007fc5dc0bf648 is an unknown value


Stack: [0x000000011ed20000,0x000000011eda0000],  sp=0x000000011ed9e4d0,  free space=505k
Native frames: (J=compiled Java code, j=interpreted, Vv=VM code, C=native code)
C  [GeForceGLDriver+0x1ec12d]
C  [GeForceGLDriver+0x2f0135]  gldReadTextureData+0xc8e73
C  [GeForceGLDriver+0x1dea29]
C  [GeForceGLDriver+0x319c1f]  gldBlitFramebufferData+0x587
C  [libGPUSupportMercury.dylib+0x49ff]  gldUpdateDrawFramebuffer+0x75
C  [GLEngine+0x113060]  gleUpdateDrawFramebufferState+0x230
C  [GLEngine+0x1cca7]  glSwap_Exec+0x37
C  [OpenGL+0xd062]  CGLFlushDrawable+0x42
C  [QuartzCore+0x334bf]  _ZL9view_drawP7_CAViewdPK11CVTimeStampb+0xdfc
C  [QuartzCore+0x32690]  _ZL17view_display_linkdPK11CVTimeStampPv+0x94
C  [QuartzCore+0x32555]  link_callback+0xed
C  [CoreVideo+0x267e]  _ZN13CVDisplayLink9performIOEP11CVTimeStamp+0xce
C  [CoreVideo+0x1ab1]  _ZN13CVDisplayLink11runIOThreadEv+0x273
C  [CoreVideo+0x1825]  _ZL13startIOThreadPv+0x93
C  [libsystem_pthread.dylib+0x3844]  _pthread_body+0x83
C  [libsystem_pthread.dylib+0x37c1]  _pthread_body+0x0
C  [libsystem_pthread.dylib+0x1a11]  thread_start+0xd


---------------  P R O C E S S  ---------------

VM state:not at safepoint (normal execution)

VM Mutex/Monitor currently owned by a thread: None

Heap
 PSYoungGen      total 38912K, used 7435K [0x00000007d5500000, 0x00000007d8000000, 0x0000000800000000)
  eden space 33792K, 22% used [0x00000007d5500000,0x00000007d5c42f70,0x00000007d7600000)
  from space 5120K, 0% used [0x00000007d7b00000,0x00000007d7b00000,0x00000007d8000000)
  to   space 5120K, 0% used [0x00000007d7600000,0x00000007d7600000,0x00000007d7b00000)
 ParOldGen       total 87040K, used 0K [0x0000000780000000, 0x0000000785500000, 0x00000007d5500000)
  object space 87040K, 0% used [0x0000000780000000,0x0000000780000000,0x0000000785500000)
 PSPermGen       total 21504K, used 10965K [0x000000077ae00000, 0x000000077c300000, 0x0000000780000000)
  object space 21504K, 50% used [0x000000077ae00000,0x000000077b8b5498,0x000000077c300000)

Card table byte_map: [0x0000000111d43000,0x000000011216d000] byte_map_base: 0x000000010e16c000

Polling page: 0x000000010d9dd000

Code Cache  [0x000000010ec83000, 0x000000010eef3000, 0x0000000111c83000)
 total_blobs=443 nmethods=15 adapters=383 free_code_cache=48614Kb largest_free_block=49760832

Compilation events (10 events):
Event: 0.752 Thread 0x00007fc5db015800   10             java.lang.CharacterData::of (120 bytes)
Event: 0.752 Thread 0x00007fc5db017000   11             java.lang.CharacterDataLatin1::getProperties (11 bytes)
Event: 0.752 Thread 0x00007fc5db017000 nmethod 11 0x000000010ed071d0 code [0x000000010ed07300, 0x000000010ed07398]
Event: 0.752 Thread 0x00007fc5db015800 nmethod 10 0x000000010ed04650 code [0x000000010ed047a0, 0x000000010ed04878]
Event: 0.752 Thread 0x00007fc5db017000   12             java.lang.String::toLowerCase (472 bytes)
Event: 0.752 Thread 0x00007fc5db015800   13             java.lang.Character::toLowerCase (9 bytes)
Event: 0.753 Thread 0x00007fc5db015800 nmethod 13 0x000000010ed041d0 code [0x000000010ed04320, 0x000000010ed04478]
Event: 0.753 Thread 0x00007fc5db015800   14             java.lang.CharacterDataLatin1::toLowerCase (39 bytes)
Event: 0.754 Thread 0x00007fc5db015800 nmethod 14 0x000000010ed08950 code [0x000000010ed08a80, 0x000000010ed08b38]
Event: 0.768 Thread 0x00007fc5db017000 nmethod 12 0x000000010ed0c850 code [0x000000010ed0ca80, 0x000000010ed0d7d0]

GC Heap History (0 events):
No events

Deoptimization events (1 events):
Event: 2.291 Thread 0x00007fc5db945000 Uncommon trap: reason=class_check action=maybe_recompile pc=0x000000010ecfb0cc method=java.lang.String.equals(Ljava/lang/Object;)Z @ 8

Internal exceptions (10 events):
Event: 0.240 Thread 0x00007fc5da805000 Threw 0x00000007d5642670 at /HUDSON/workspace/7u-2-build-macosx-x86_64/jdk7u45/229/hotspot/src/share/vm/prims/jvm.cpp:1244
Event: 0.242 Thread 0x00007fc5da805000 Threw 0x00000007d5646000 at /HUDSON/workspace/7u-2-build-macosx-x86_64/jdk7u45/229/hotspot/src/share/vm/prims/jvm.cpp:1244
Event: 0.242 Thread 0x00007fc5da805000 Threw 0x00000007d56472b0 at /HUDSON/workspace/7u-2-build-macosx-x86_64/jdk7u45/229/hotspot/src/share/vm/prims/jvm.cpp:1244
Event: 0.243 Thread 0x00007fc5da805000 Threw 0x00000007d57a52a8 at /HUDSON/workspace/7u-2-build-macosx-x86_64/jdk7u45/229/hotspot/src/share/vm/prims/jvm.cpp:1244
Event: 0.243 Thread 0x00007fc5da805000 Threw 0x00000007d57a6638 at /HUDSON/workspace/7u-2-build-macosx-x86_64/jdk7u45/229/hotspot/src/share/vm/prims/jvm.cpp:1244
Event: 0.310 Thread 0x00007fc5da805000 Threw 0x00000007d58339c8 at /HUDSON/workspace/7u-2-build-macosx-x86_64/jdk7u45/229/hotspot/src/share/vm/prims/jvm.cpp:1244
Event: 0.311 Thread 0x00007fc5da805000 Threw 0x00000007d5835f50 at /HUDSON/workspace/7u-2-build-macosx-x86_64/jdk7u45/229/hotspot/src/share/vm/prims/jvm.cpp:1244
Event: 2.415 Thread 0x00007fc5db945000 Threw 0x00000007d5b8b590 at /HUDSON/workspace/7u-2-build-macosx-x86_64/jdk7u45/229/hotspot/src/share/vm/prims/jvm.cpp:1244
Event: 2.417 Thread 0x00007fc5db945000 Threw 0x00000007d5b91c28 at /HUDSON/workspace/7u-2-build-macosx-x86_64/jdk7u45/229/hotspot/src/share/vm/prims/jvm.cpp:1244
Event: 2.417 Thread 0x00007fc5db945000 Threw 0x00000007d5b95248 at /HUDSON/workspace/7u-2-build-macosx-x86_64/jdk7u45/229/hotspot/src/share/vm/prims/jvm.cpp:1244

Events (10 events):
Event: 2.415 loading class 0x00007fc5db0aa6e0
Event: 2.415 loading class 0x00007fc5db0aa6e0 done
Event: 2.416 loading class 0x00007fc5db054280
Event: 2.416 loading class 0x00007fc5db054280 done
Event: 2.417 loading class 0x00007fc5da6b0a30
Event: 2.417 loading class 0x00007fc5da6b0a30 done
Event: 2.417 loading class 0x00007fc5da6b7880
Event: 2.417 loading class 0x00007fc5da6b7880 done
Event: 2.431 loading class 0x00007fc5db0a3630
Event: 2.431 loading class 0x00007fc5db0a3630 done


Dynamic libraries:
0x000000000cacf000 	/System/Library/Frameworks/Cocoa.framework/Versions/A/Cocoa
0x000000000cacf000 	/System/Library/Frameworks/Security.framework/Versions/A/Security
0x000000000cacf000 	/System/Library/Frameworks/ApplicationServices.framework/Versions/A/ApplicationServices
0x000000000cacf000 	/usr/lib/libz.1.dylib
0x000000000cacf000 	/usr/lib/libSystem.B.dylib
0x000000000cacf000 	/usr/lib/libobjc.A.dylib
0x000000000cacf000 	/System/Library/Frameworks/CoreFoundation.framework/Versions/A/CoreFoundation
0x000000000cacf000 	/System/Library/Frameworks/Foundation.framework/Versions/C/Foundation
0x000000000cacf000 	/System/Library/Frameworks/AppKit.framework/Versions/C/AppKit
0x000000000cacf000 	/System/Library/Frameworks/CoreData.framework/Versions/A/CoreData
0x000000000cacf000 	/System/Library/PrivateFrameworks/RemoteViewServices.framework/Versions/A/RemoteViewServices
0x000000000cacf000 	/System/Library/PrivateFrameworks/UIFoundation.framework/Versions/A/UIFoundation
0x000000000cacf000 	/System/Library/Frameworks/AudioToolbox.framework/Versions/A/AudioToolbox
0x000000000cacf000 	/System/Library/Frameworks/AudioUnit.framework/Versions/A/AudioUnit
0x000000000cacf000 	/System/Library/PrivateFrameworks/DataDetectorsCore.framework/Versions/A/DataDetectorsCore
0x000000000cacf000 	/System/Library/PrivateFrameworks/DesktopServicesPriv.framework/Versions/A/DesktopServicesPriv
0x000000000cacf000 	/System/Library/Frameworks/Carbon.framework/Versions/A/Frameworks/HIToolbox.framework/Versions/A/HIToolbox
0x000000000cacf000 	/System/Library/Frameworks/QuartzCore.framework/Versions/A/QuartzCore
0x000000000cacf000 	/System/Library/Frameworks/Carbon.framework/Versions/A/Frameworks/SpeechRecognition.framework/Versions/A/SpeechRecognition
0x000000000cacf000 	/usr/lib/libauto.dylib
0x000000000cacf000 	/usr/lib/libicucore.A.dylib
0x000000000cacf000 	/usr/lib/libxml2.2.dylib
0x000000000cacf000 	/System/Library/PrivateFrameworks/CoreUI.framework/Versions/A/CoreUI
0x000000000cacf000 	/System/Library/Frameworks/CoreAudio.framework/Versions/A/CoreAudio
0x000000000cacf000 	/System/Library/Frameworks/DiskArbitration.framework/Versions/A/DiskArbitration
0x000000000cacf000 	/usr/lib/liblangid.dylib
0x000000000cacf000 	/System/Library/PrivateFrameworks/MultitouchSupport.framework/Versions/A/MultitouchSupport
0x000000000cacf000 	/System/Library/Frameworks/IOKit.framework/Versions/A/IOKit
0x000000000cacf000 	/usr/lib/libDiagnosticMessagesClient.dylib
0x000000000cacf000 	/System/Library/Frameworks/CoreServices.framework/Versions/A/CoreServices
0x000000000cacf000 	/System/Library/PrivateFrameworks/PerformanceAnalysis.framework/Versions/A/PerformanceAnalysis
0x000000000cacf000 	/System/Library/PrivateFrameworks/GenerationalStorage.framework/Versions/A/GenerationalStorage
0x000000000cacf000 	/System/Library/Frameworks/OpenGL.framework/Versions/A/OpenGL
0x000000000cacf000 	/System/Library/PrivateFrameworks/Sharing.framework/Versions/A/Sharing
0x000000000cacf000 	/System/Library/Frameworks/CoreGraphics.framework/Versions/A/CoreGraphics
0x000000000cacf000 	/System/Library/Frameworks/CoreText.framework/Versions/A/CoreText
0x000000000cacf000 	/System/Library/Frameworks/ImageIO.framework/Versions/A/ImageIO
0x000000000cacf000 	/usr/lib/libextension.dylib
0x000000000cacf000 	/System/Library/PrivateFrameworks/Backup.framework/Versions/A/Backup
0x000000000cacf000 	/usr/lib/libarchive.2.dylib
0x000000000cacf000 	/System/Library/Frameworks/CFNetwork.framework/Versions/A/CFNetwork
0x000000000cacf000 	/System/Library/Frameworks/SystemConfiguration.framework/Versions/A/SystemConfiguration
0x000000000cacf000 	/usr/lib/libCRFSuite.dylib
0x000000000cacf000 	/usr/lib/libc++.1.dylib
0x000000000cacf000 	/usr/lib/libc++abi.dylib
0x000000000cacf000 	/usr/lib/system/libcache.dylib
0x000000000cacf000 	/usr/lib/system/libcommonCrypto.dylib
0x000000000cacf000 	/usr/lib/system/libcompiler_rt.dylib
0x000000000cacf000 	/usr/lib/system/libcopyfile.dylib
0x000000000cacf000 	/usr/lib/system/libcorecrypto.dylib
0x000000000cacf000 	/usr/lib/system/libdispatch.dylib
0x000000000cacf000 	/usr/lib/system/libdyld.dylib
0x000000000cacf000 	/usr/lib/system/libkeymgr.dylib
0x000000000cacf000 	/usr/lib/system/liblaunch.dylib
0x000000000cacf000 	/usr/lib/system/libmacho.dylib
0x000000000cacf000 	/usr/lib/system/libquarantine.dylib
0x000000000cacf000 	/usr/lib/system/libremovefile.dylib
0x000000000cacf000 	/usr/lib/system/libsystem_asl.dylib
0x000000000cacf000 	/usr/lib/system/libsystem_blocks.dylib
0x000000000cacf000 	/usr/lib/system/libsystem_c.dylib
0x000000000cacf000 	/usr/lib/system/libsystem_configuration.dylib
0x000000000cacf000 	/usr/lib/system/libsystem_coreservices.dylib
0x000000000cacf000 	/usr/lib/system/libsystem_coretls.dylib
0x000000000cacf000 	/usr/lib/system/libsystem_dnssd.dylib
0x000000000cacf000 	/usr/lib/system/libsystem_info.dylib
0x000000000cacf000 	/usr/lib/system/libsystem_kernel.dylib
0x000000000cacf000 	/usr/lib/system/libsystem_m.dylib
0x000000000cacf000 	/usr/lib/system/libsystem_malloc.dylib
0x000000000cacf000 	/usr/lib/system/libsystem_network.dylib
0x000000000cacf000 	/usr/lib/system/libsystem_networkextension.dylib
0x000000000cacf000 	/usr/lib/system/libsystem_notify.dylib
0x000000000cacf000 	/usr/lib/system/libsystem_platform.dylib
0x000000000cacf000 	/usr/lib/system/libsystem_pthread.dylib
0x000000000cacf000 	/usr/lib/system/libsystem_sandbox.dylib
0x000000000cacf000 	/usr/lib/system/libsystem_secinit.dylib
0x000000000cacf000 	/usr/lib/system/libsystem_stats.dylib
0x000000000cacf000 	/usr/lib/system/libsystem_trace.dylib
0x000000000cacf000 	/usr/lib/system/libunc.dylib
0x000000000cacf000 	/usr/lib/system/libunwind.dylib
0x000000000cacf000 	/usr/lib/system/libxpc.dylib
0x000000000cacf000 	/usr/lib/libbz2.1.0.dylib
0x000000000cacf000 	/usr/lib/liblzma.5.dylib
0x000000000cacf000 	/usr/lib/libbsm.0.dylib
0x000000000cacf000 	/usr/lib/libsqlite3.dylib
0x000000000cacf000 	/usr/lib/system/libkxld.dylib
0x000000000cacf000 	/usr/lib/libxar.1.dylib
0x000000000cacf000 	/usr/lib/libpam.2.dylib
0x000000000cacf000 	/usr/lib/libOpenScriptingUtil.dylib
0x000000000cacf000 	/System/Library/Frameworks/CoreServices.framework/Versions/A/Frameworks/FSEvents.framework/Versions/A/FSEvents
0x000000000cacf000 	/System/Library/Frameworks/CoreServices.framework/Versions/A/Frameworks/CarbonCore.framework/Versions/A/CarbonCore
0x000000000cacf000 	/System/Library/Frameworks/CoreServices.framework/Versions/A/Frameworks/Metadata.framework/Versions/A/Metadata
0x000000000cacf000 	/System/Library/Frameworks/CoreServices.framework/Versions/A/Frameworks/OSServices.framework/Versions/A/OSServices
0x000000000cacf000 	/System/Library/Frameworks/CoreServices.framework/Versions/A/Frameworks/SearchKit.framework/Versions/A/SearchKit
0x000000000cacf000 	/System/Library/Frameworks/CoreServices.framework/Versions/A/Frameworks/AE.framework/Versions/A/AE
0x000000000cacf000 	/System/Library/Frameworks/CoreServices.framework/Versions/A/Frameworks/LaunchServices.framework/Versions/A/LaunchServices
0x000000000cacf000 	/System/Library/Frameworks/CoreServices.framework/Versions/A/Frameworks/DictionaryServices.framework/Versions/A/DictionaryServices
0x000000000cacf000 	/System/Library/Frameworks/NetFS.framework/Versions/A/NetFS
0x000000000cacf000 	/System/Library/PrivateFrameworks/NetAuth.framework/Versions/A/NetAuth
0x000000000cacf000 	/System/Library/PrivateFrameworks/login.framework/Versions/A/Frameworks/loginsupport.framework/Versions/A/loginsupport
0x000000000cacf000 	/System/Library/PrivateFrameworks/TCC.framework/Versions/A/TCC
0x000000000cacf000 	/System/Library/Frameworks/OpenDirectory.framework/Versions/A/Frameworks/CFOpenDirectory.framework/Versions/A/CFOpenDirectory
0x000000000cacf000 	/System/Library/Frameworks/ServiceManagement.framework/Versions/A/ServiceManagement
0x000000000cacf000 	/usr/lib/libxslt.1.dylib
0x000000000cacf000 	/System/Library/Frameworks/Carbon.framework/Versions/A/Frameworks/Ink.framework/Versions/A/Ink
0x000000000cacf000 	/System/Library/Frameworks/ApplicationServices.framework/Versions/A/Frameworks/ATS.framework/Versions/A/ATS
0x000000000cacf000 	/System/Library/Frameworks/ApplicationServices.framework/Versions/A/Frameworks/ColorSync.framework/Versions/A/ColorSync
0x000000000cacf000 	/System/Library/Frameworks/ApplicationServices.framework/Versions/A/Frameworks/HIServices.framework/Versions/A/HIServices
0x000000000cacf000 	/System/Library/Frameworks/ApplicationServices.framework/Versions/A/Frameworks/LangAnalysis.framework/Versions/A/LangAnalysis
0x000000000cacf000 	/System/Library/Frameworks/ApplicationServices.framework/Versions/A/Frameworks/PrintCore.framework/Versions/A/PrintCore
0x000000000cacf000 	/System/Library/Frameworks/ApplicationServices.framework/Versions/A/Frameworks/QD.framework/Versions/A/QD
0x000000000cacf000 	/System/Library/Frameworks/ApplicationServices.framework/Versions/A/Frameworks/SpeechSynthesis.framework/Versions/A/SpeechSynthesis
0x000000000cacf000 	/System/Library/Frameworks/IOSurface.framework/Versions/A/IOSurface
0x000000000cacf000 	/System/Library/Frameworks/Accelerate.framework/Versions/A/Accelerate
0x000000000cacf000 	/System/Library/Frameworks/Accelerate.framework/Versions/A/Frameworks/vImage.framework/Versions/A/vImage
0x000000000cacf000 	/System/Library/Frameworks/Accelerate.framework/Versions/A/Frameworks/vecLib.framework/Versions/A/vecLib
0x000000000cacf000 	/System/Library/Frameworks/Accelerate.framework/Versions/A/Frameworks/vecLib.framework/Versions/A/libvDSP.dylib
0x000000000cacf000 	/System/Library/Frameworks/Accelerate.framework/Versions/A/Frameworks/vecLib.framework/Versions/A/libvMisc.dylib
0x000000000cacf000 	/System/Library/Frameworks/Accelerate.framework/Versions/A/Frameworks/vecLib.framework/Versions/A/libLAPACK.dylib
0x000000000cacf000 	/System/Library/Frameworks/Accelerate.framework/Versions/A/Frameworks/vecLib.framework/Versions/A/libBLAS.dylib
0x000000000cacf000 	/System/Library/Frameworks/Accelerate.framework/Versions/A/Frameworks/vecLib.framework/Versions/A/libLinearAlgebra.dylib
0x000000000cacf000 	/System/Library/Frameworks/ApplicationServices.framework/Versions/A/Frameworks/ATS.framework/Versions/A/Resources/libFontParser.dylib
0x000000000cacf000 	/System/Library/Frameworks/ApplicationServices.framework/Versions/A/Frameworks/ATS.framework/Versions/A/Resources/libFontRegistry.dylib
0x000000000cacf000 	/System/Library/PrivateFrameworks/AppleVPA.framework/Versions/A/AppleVPA
0x000000000cacf000 	/System/Library/PrivateFrameworks/AppleJPEG.framework/Versions/A/AppleJPEG
0x000000000cacf000 	/System/Library/Frameworks/ImageIO.framework/Versions/A/Resources/libJPEG.dylib
0x000000000cacf000 	/System/Library/Frameworks/ImageIO.framework/Versions/A/Resources/libTIFF.dylib
0x000000000cacf000 	/System/Library/Frameworks/ImageIO.framework/Versions/A/Resources/libPng.dylib
0x000000000cacf000 	/System/Library/Frameworks/ImageIO.framework/Versions/A/Resources/libGIF.dylib
0x000000000cacf000 	/System/Library/Frameworks/ImageIO.framework/Versions/A/Resources/libJP2.dylib
0x000000000cacf000 	/System/Library/Frameworks/ImageIO.framework/Versions/A/Resources/libRadiance.dylib
0x000000000cacf000 	/System/Library/Frameworks/CoreVideo.framework/Versions/A/CoreVideo
0x000000000cacf000 	/System/Library/Frameworks/OpenGL.framework/Versions/A/Libraries/libGLU.dylib
0x000000000cacf000 	/System/Library/Frameworks/OpenGL.framework/Versions/A/Libraries/libGFXShared.dylib
0x000000000cacf000 	/System/Library/Frameworks/OpenGL.framework/Versions/A/Libraries/libGL.dylib
0x000000000cacf000 	/System/Library/Frameworks/OpenGL.framework/Versions/A/Libraries/libGLImage.dylib
0x000000000cacf000 	/System/Library/Frameworks/OpenGL.framework/Versions/A/Libraries/libCVMSPluginSupport.dylib
0x000000000cacf000 	/System/Library/Frameworks/OpenGL.framework/Versions/A/Libraries/libCoreVMClient.dylib
0x000000000cacf000 	/usr/lib/libcups.2.dylib
0x000000000cacf000 	/System/Library/Frameworks/Kerberos.framework/Versions/A/Kerberos
0x000000000cacf000 	/System/Library/Frameworks/GSS.framework/Versions/A/GSS
0x000000000cacf000 	/usr/lib/libresolv.9.dylib
0x000000000cacf000 	/usr/lib/libiconv.2.dylib
0x000000000cacf000 	/System/Library/PrivateFrameworks/Heimdal.framework/Versions/A/Heimdal
0x000000000cacf000 	/usr/lib/libheimdal-asn1.dylib
0x000000000cacf000 	/System/Library/Frameworks/OpenDirectory.framework/Versions/A/OpenDirectory
0x000000000cacf000 	/System/Library/PrivateFrameworks/CommonAuth.framework/Versions/A/CommonAuth
0x000000000cacf000 	/System/Library/Frameworks/SecurityFoundation.framework/Versions/A/SecurityFoundation
0x000000000cacf000 	/System/Library/Frameworks/QuartzCore.framework/Versions/A/Frameworks/CoreImage.framework/Versions/A/CoreImage
0x000000000cacf000 	/System/Library/PrivateFrameworks/CrashReporterSupport.framework/Versions/A/CrashReporterSupport
0x000000000cacf000 	/System/Library/Frameworks/OpenCL.framework/Versions/A/OpenCL
0x000000000cacf000 	/System/Library/PrivateFrameworks/FaceCore.framework/Versions/A/FaceCore
0x000000000cacf000 	/System/Library/PrivateFrameworks/Ubiquity.framework/Versions/A/Ubiquity
0x000000000cacf000 	/System/Library/PrivateFrameworks/IconServices.framework/Versions/A/IconServices
0x000000000cacf000 	/System/Library/PrivateFrameworks/ChunkingLibrary.framework/Versions/A/ChunkingLibrary
0x000000000cacf000 	/System/Library/PrivateFrameworks/DebugSymbols.framework/Versions/A/DebugSymbols
0x000000000cacf000 	/System/Library/PrivateFrameworks/CommerceKit.framework/Versions/A/Frameworks/CommerceCore.framework/Versions/A/CommerceCore
0x000000000cacf000 	/System/Library/PrivateFrameworks/CoreSymbolication.framework/Versions/A/CoreSymbolication
0x000000000cacf000 	/System/Library/PrivateFrameworks/Symbolication.framework/Versions/A/Symbolication
0x000000000cacf000 	/System/Library/PrivateFrameworks/AppContainer.framework/Versions/A/AppContainer
0x000000000cacf000 	/System/Library/PrivateFrameworks/SecCodeWrapper.framework/Versions/A/SecCodeWrapper
0x000000000cacf000 	/System/Library/PrivateFrameworks/SpeechRecognitionCore.framework/Versions/A/SpeechRecognitionCore
0x000000010e200000 	/Library/Java/JavaVirtualMachines/jdk1.7.0_45.jdk/Contents/Home/jre/lib/server/libjvm.dylib
0x000000000cacf000 	/usr/lib/libstdc++.6.dylib
0x000000010d9d0000 	/Library/Java/JavaVirtualMachines/jdk1.7.0_45.jdk/Contents/Home/jre/lib/libverify.dylib
0x000000010ec53000 	/Library/Java/JavaVirtualMachines/jdk1.7.0_45.jdk/Contents/Home/jre/lib/libjava.dylib
0x000000010d9e7000 	/Library/Java/JavaVirtualMachines/jdk1.7.0_45.jdk/Contents/Home/jre/lib/libzip.dylib
0x00000001184ee000 	/System/Library/Frameworks/JavaVM.framework/Frameworks/JavaRuntimeSupport.framework/JavaRuntimeSupport
0x0000000118506000 	/System/Library/Frameworks/JavaVM.framework/Versions/A/Frameworks/JavaNativeFoundation.framework/Versions/A/JavaNativeFoundation
0x000000010d9f1000 	/System/Library/Frameworks/JavaVM.framework/Versions/A/JavaVM
0x000000000cacf000 	/System/Library/Frameworks/Carbon.framework/Versions/A/Carbon
0x000000011851b000 	/System/Library/PrivateFrameworks/JavaLaunching.framework/Versions/A/JavaLaunching
0x000000000cacf000 	/System/Library/Frameworks/Carbon.framework/Versions/A/Frameworks/CommonPanels.framework/Versions/A/CommonPanels
0x000000000cacf000 	/System/Library/Frameworks/Carbon.framework/Versions/A/Frameworks/Help.framework/Versions/A/Help
0x000000000cacf000 	/System/Library/Frameworks/Carbon.framework/Versions/A/Frameworks/ImageCapture.framework/Versions/A/ImageCapture
0x000000000cacf000 	/System/Library/Frameworks/Carbon.framework/Versions/A/Frameworks/OpenScripting.framework/Versions/A/OpenScripting
0x000000000cacf000 	/System/Library/Frameworks/Carbon.framework/Versions/A/Frameworks/Print.framework/Versions/A/Print
0x000000000cacf000 	/System/Library/Frameworks/Carbon.framework/Versions/A/Frameworks/SecurityHI.framework/Versions/A/SecurityHI
0x000000011a289000 	/Library/Java/JavaVirtualMachines/jdk1.7.0_45.jdk/Contents/Home/jre/lib/libawt.dylib
0x000000011a338000 	/Library/Java/JavaVirtualMachines/jdk1.7.0_45.jdk/Contents/Home/jre/lib/./libmlib_image.dylib
0x000000011a404000 	/Library/Java/JavaVirtualMachines/jdk1.7.0_45.jdk/Contents/Home/jre/lib/lwawt/liblwawt.dylib
0x000000011a4b8000 	/Library/Java/JavaVirtualMachines/jdk1.7.0_45.jdk/Contents/Home/jre/lib/libosxapp.dylib
0x000000000cacf000 	/System/Library/Frameworks/ExceptionHandling.framework/Versions/A/ExceptionHandling
0x000000000cacf000 	/System/Library/PrivateFrameworks/CoreServicesInternal.framework/Versions/A/CoreServicesInternal
0x000000000cacf000 	/System/Library/PrivateFrameworks/CloudDocs.framework/Versions/A/CloudDocs
0x000000000cacf000 	/System/Library/PrivateFrameworks/CoreDuet.framework/Versions/A/CoreDuet
0x000000000cacf000 	/System/Library/Frameworks/CloudKit.framework/Versions/A/CloudKit
0x000000000cacf000 	/System/Library/PrivateFrameworks/ProtocolBuffer.framework/Versions/A/ProtocolBuffer
0x000000000cacf000 	/System/Library/PrivateFrameworks/CoreDuetDaemonProtocol.framework/Versions/A/CoreDuetDaemonProtocol
0x000000000cacf000 	/System/Library/PrivateFrameworks/CoreDuetDebugLogging.framework/Versions/A/CoreDuetDebugLogging
0x000000000cacf000 	/System/Library/Frameworks/CoreLocation.framework/Versions/A/CoreLocation
0x000000000cacf000 	/System/Library/Frameworks/Accounts.framework/Versions/A/Accounts
0x000000000cacf000 	/System/Library/PrivateFrameworks/ApplePushService.framework/Versions/A/ApplePushService
0x000000000cacf000 	/System/Library/PrivateFrameworks/GeoServices.framework/Versions/A/GeoServices
0x000000000cacf000 	/System/Library/PrivateFrameworks/OAuth.framework/Versions/A/OAuth
0x000000000cacf000 	/System/Library/PrivateFrameworks/CoreDaemon.framework/Versions/B/CoreDaemon
0x000000000cacf000 	/usr/lib/libcrypto.0.9.8.dylib
0x000000000cacf000 	/System/Library/PrivateFrameworks/AppleSRP.framework/Versions/A/AppleSRP
0x000000000cacf000 	/System/Library/PrivateFrameworks/TrustEvaluationAgent.framework/Versions/A/TrustEvaluationAgent
0x000000000cacf000 	/System/Library/Frameworks/CoreGraphics.framework/Versions/A/Resources/libCGCMS.A.dylib
0x000000000cacf000 	/System/Library/Frameworks/CoreGraphics.framework/Versions/A/Resources/libRIP.A.dylib
0x000000000cacf000 	/System/Library/Frameworks/CoreGraphics.framework/Versions/A/Resources/libCGXType.A.dylib
0x000000000cacf000 	/System/Library/Frameworks/OpenCL.framework/Versions/A/Libraries/libcldcpuengine.dylib
0x000000000cacf000 	/System/Library/PrivateFrameworks/DiskImages.framework/Versions/A/DiskImages
0x000000000cacf000 	/System/Library/Frameworks/DiscRecording.framework/Versions/A/DiscRecording
0x000000000cacf000 	/usr/lib/libcsfde.dylib
0x000000000cacf000 	/usr/lib/libcurl.4.dylib
0x000000000cacf000 	/System/Library/PrivateFrameworks/MediaKit.framework/Versions/A/MediaKit
0x000000000cacf000 	/System/Library/PrivateFrameworks/ProtectedCloudStorage.framework/Versions/A/ProtectedCloudStorage
0x000000000cacf000 	/usr/lib/libCoreStorage.dylib
0x000000000cacf000 	/System/Library/PrivateFrameworks/EFILogin.framework/Versions/A/EFILogin
0x000000000cacf000 	/usr/lib/libutil.dylib
0x000000000cacf000 	/System/Library/PrivateFrameworks/FindMyDevice.framework/Versions/A/FindMyDevice
0x000000000cacf000 	/System/Library/Frameworks/LDAP.framework/Versions/A/LDAP
0x000000000cacf000 	/usr/lib/libsasl2.2.dylib
0x000000011a7ac000 	cl_kernels
0x000000011c328000 	/System/Library/Frameworks/OpenCL.framework/Versions/A/Libraries/ImageFormats/unorm8_bgra.dylib
0x000000011a79d000 	cl_kernels
0x000000000cacf000 	/System/Library/PrivateFrameworks/FamilyControls.framework/Versions/A/FamilyControls
0x000000000cacf000 	/System/Library/PrivateFrameworks/SystemAdministration.framework/Versions/A/SystemAdministration
0x000000000cacf000 	/System/Library/Frameworks/DirectoryService.framework/Versions/A/DirectoryService
0x000000000cacf000 	/System/Library/PrivateFrameworks/LoginUIKit.framework/Versions/A/Frameworks/LoginUICore.framework/Versions/A/LoginUICore
0x000000000cacf000 	/usr/lib/libodfde.dylib
0x000000000cacf000 	/System/Library/Frameworks/OpenGL.framework/Versions/A/Resources/GLEngine.bundle/GLEngine
0x000000000cacf000 	/System/Library/Frameworks/OpenGL.framework/Versions/A/Libraries/libGLProgrammability.dylib
0x0000000000000000 	/System/Library/Extensions/GeForceGLDriver.bundle/Contents/MacOS/GeForceGLDriver
0x000000000cacf000 	/System/Library/Extensions/GeForceGLDriver.bundle/Contents/MacOS/libclh.dylib
0x000000000cacf000 	/System/Library/PrivateFrameworks/IOAccelerator.framework/Versions/A/IOAccelerator
0x000000000cacf000 	/System/Library/PrivateFrameworks/GPUSupport.framework/Versions/A/Libraries/libGPUSupportMercury.dylib
0x000000000cacf000 	/System/Library/Frameworks/OpenGL.framework/Versions/A/Resources/GLRendererFloat.bundle/GLRendererFloat
0x000000011e538000 	/Library/Java/JavaVirtualMachines/jdk1.7.0_45.jdk/Contents/Home/jre/lib/libfontmanager.dylib
0x000000011e59c000 	/Library/Java/JavaVirtualMachines/jdk1.7.0_45.jdk/Contents/Home/jre/lib/libosxui.dylib
0x000000012036f000 	/Library/Java/JavaVirtualMachines/jdk1.7.0_45.jdk/Contents/Home/jre/lib/libnet.dylib
0x0000000120121000 	/Library/Java/JavaVirtualMachines/jdk1.7.0_45.jdk/Contents/Home/jre/lib/libnio.dylib

VM Arguments:
jvm_args: -Dfile.encoding=US-ASCII 
java_command: main.Main
Launcher Type: SUN_STANDARD

Environment Variables:
PATH=/usr/bin:/bin:/usr/sbin:/sbin
SHELL=/bin/bash

Signal Handlers:
SIGSEGV: [libjvm.dylib+0x525415], sa_mask[0]=0xfffefeff, sa_flags=0x00000043
SIGBUS: [libjvm.dylib+0x525415], sa_mask[0]=0xfffefeff, sa_flags=0x00000042
SIGFPE: [libjvm.dylib+0x41891a], sa_mask[0]=0xfffefeff, sa_flags=0x00000042
SIGPIPE: [libjvm.dylib+0x41891a], sa_mask[0]=0xfffefeff, sa_flags=0x00000042
SIGXFSZ: [libjvm.dylib+0x41891a], sa_mask[0]=0xfffefeff, sa_flags=0x00000042
SIGILL: [libjvm.dylib+0x41891a], sa_mask[0]=0xfffefeff, sa_flags=0x00000042
SIGUSR1: SIG_DFL, sa_mask[0]=0x00000000, sa_flags=0x00000000
SIGUSR2: [libjvm.dylib+0x41840c], sa_mask[0]=0x00000004, sa_flags=0x00000042
SIGHUP: [libjvm.dylib+0x41669b], sa_mask[0]=0xfffefeff, sa_flags=0x00000042
SIGINT: [libjvm.dylib+0x41669b], sa_mask[0]=0xfffefeff, sa_flags=0x00000042
SIGTERM: [libjvm.dylib+0x41669b], sa_mask[0]=0xfffefeff, sa_flags=0x00000042
SIGQUIT: [libjvm.dylib+0x41669b], sa_mask[0]=0xfffefeff, sa_flags=0x00000042


---------------  S Y S T E M  ---------------

OS:Bsduname:Darwin 14.0.0 Darwin Kernel Version 14.0.0: Sat May 24 01:15:10 PDT 2014; root:xnu-2738.0.0.0.5~1/RELEASE_X86_64 x86_64
rlimit: STACK 8192k, CORE 0k, NPROC 709, NOFILE 10240, AS infinity
load average:1.49 1.32 1.28

CPU:total 4 (4 cores per cpu, 1 threads per core) family 6 model 58 stepping 9, cmov, cx8, fxsr, mmx, sse, sse2, sse3, ssse3, sse4.1, sse4.2, popcnt, avx, aes, erms, tsc, tscinvbit, tscinv

Memory: 4k page, physical 8388608k(2097152k free)

/proc/meminfo:


vm_info: Java HotSpot(TM) 64-Bit Server VM (24.45-b08) for bsd-amd64 JRE (1.7.0_45-b18), built on Oct  8 2013 05:54:16 by "java_re" with gcc 4.2.1 (Based on Apple Inc. build 5658) (LLVM build 2336.11.00)

time: Thu Jun 12 16:34:09 2014
elapsed time: 2 seconds

